TN:
SF:src/i18n.ts
FN:7,(anonymous_6)
FN:13,(anonymous_7)
FNF:2
FNH:0
FNDA:0,(anonymous_6)
FNDA:0,(anonymous_7)
DA:1,0
DA:2,0
DA:4,0
DA:7,0
DA:8,0
DA:9,0
DA:11,0
DA:13,0
LF:8
LH:0
BRDA:9,0,0,0
BRDA:9,0,1,0
BRDA:9,1,0,0
BRDA:9,1,1,0
BRF:4
BRH:0
end_of_record
TN:
SF:src/components/dashboard-content.tsx
FN:9,DashboardContent
FNF:1
FNH:0
FNDA:0,DashboardContent
DA:3,0
DA:4,0
DA:5,0
DA:6,0
DA:7,0
DA:9,0
DA:10,0
DA:11,0
LF:8
LH:0
BRDA:36,0,0,0
BRDA:38,1,0,0
BRDA:38,1,1,0
BRDA:58,2,0,0
BRDA:58,2,1,0
BRF:5
BRH:0
end_of_record
TN:
SF:src/components/language-selector.tsx
FN:9,LanguageSelector
FN:51,(anonymous_2)
FN:69,(anonymous_3)
FN:70,(anonymous_4)
FN:80,(anonymous_5)
FN:84,(anonymous_6)
FN:85,(anonymous_7)
FN:92,(anonymous_8)
FN:101,(anonymous_9)
FN:139,(anonymous_10)
FN:145,(anonymous_11)
FNF:11
FNH:0
FNDA:0,LanguageSelector
FNDA:0,(anonymous_2)
FNDA:0,(anonymous_3)
FNDA:0,(anonymous_4)
FNDA:0,(anonymous_5)
FNDA:0,(anonymous_6)
FNDA:0,(anonymous_7)
FNDA:0,(anonymous_8)
FNDA:0,(anonymous_9)
FNDA:0,(anonymous_10)
FNDA:0,(anonymous_11)
DA:3,0
DA:4,0
DA:6,0
DA:7,0
DA:9,0
DA:10,0
DA:11,0
DA:12,0
DA:13,0
DA:14,0
DA:15,0
DA:18,0
DA:51,0
DA:53,0
DA:54,0
DA:55,0
DA:59,0
DA:60,0
DA:63,0
DA:64,0
DA:65,0
DA:69,0
DA:70,0
DA:71,0
DA:75,0
DA:79,0
DA:80,0
DA:84,0
DA:85,0
DA:86,0
DA:87,0
DA:91,0
DA:92,0
DA:95,0
DA:101,0
DA:140,0
DA:142,0
DA:145,0
LF:38
LH:0
BRDA:53,0,0,0
BRDA:53,0,1,0
BRDA:63,1,0,0
BRDA:63,1,1,0
BRDA:71,2,0,0
BRDA:71,2,1,0
BRDA:72,3,0,0
BRDA:72,3,1,0
BRDA:86,4,0,0
BRDA:86,4,1,0
BRDA:117,5,0,0
BRDA:117,5,1,0
BRDA:132,6,0,0
BRDA:147,7,0,0
BRDA:147,7,1,0
BRDA:155,8,0,0
BRDA:155,8,1,0
BRDA:167,9,0,0
BRDA:167,9,1,0
BRDA:171,10,0,0
BRF:20
BRH:0
end_of_record
TN:
SF:src/components/account/account-management.tsx
FN:43,AccountManagement
FN:68,(anonymous_3)
FN:71,(anonymous_4)
FN:72,(anonymous_5)
FN:84,(anonymous_6)
FN:87,(anonymous_7)
FN:88,(anonymous_8)
FN:100,(anonymous_9)
FN:103,(anonymous_10)
FN:105,(anonymous_11)
FN:124,(anonymous_12)
FN:127,(anonymous_13)
FN:129,(anonymous_14)
FN:156,(anonymous_15)
FN:162,(anonymous_16)
FN:163,(anonymous_17)
FN:208,(anonymous_18)
FN:214,(anonymous_19)
FN:221,(anonymous_20)
FN:228,(anonymous_21)
FN:235,(anonymous_22)
FN:249,(anonymous_23)
FN:268,(anonymous_24)
FN:280,(anonymous_25)
FN:299,(anonymous_26)
FN:310,(anonymous_27)
FN:539,(anonymous_28)
FN:748,(anonymous_29)
FN:848,(anonymous_30)
FN:1049,(anonymous_31)
FN:1100,(anonymous_32)
FN:1180,(anonymous_33)
FN:1253,(anonymous_34)
FN:1291,(anonymous_35)
FN:1309,(anonymous_36)
FN:1343,(anonymous_37)
FNF:36
FNH:0
FNDA:0,AccountManagement
FNDA:0,(anonymous_3)
FNDA:0,(anonymous_4)
FNDA:0,(anonymous_5)
FNDA:0,(anonymous_6)
FNDA:0,(anonymous_7)
FNDA:0,(anonymous_8)
FNDA:0,(anonymous_9)
FNDA:0,(anonymous_10)
FNDA:0,(anonymous_11)
FNDA:0,(anonymous_12)
FNDA:0,(anonymous_13)
FNDA:0,(anonymous_14)
FNDA:0,(anonymous_15)
FNDA:0,(anonymous_16)
FNDA:0,(anonymous_17)
FNDA:0,(anonymous_18)
FNDA:0,(anonymous_19)
FNDA:0,(anonymous_20)
FNDA:0,(anonymous_21)
FNDA:0,(anonymous_22)
FNDA:0,(anonymous_23)
FNDA:0,(anonymous_24)
FNDA:0,(anonymous_25)
FNDA:0,(anonymous_26)
FNDA:0,(anonymous_27)
FNDA:0,(anonymous_28)
FNDA:0,(anonymous_29)
FNDA:0,(anonymous_30)
FNDA:0,(anonymous_31)
FNDA:0,(anonymous_32)
FNDA:0,(anonymous_33)
FNDA:0,(anonymous_34)
FNDA:0,(anonymous_35)
FNDA:0,(anonymous_36)
FNDA:0,(anonymous_37)
DA:3,0
DA:4,0
DA:5,0
DA:6,0
DA:7,0
DA:15,0
DA:17,0
DA:18,0
DA:19,0
DA:27,0
DA:28,0
DA:29,0
DA:30,0
DA:31,0
DA:43,0
DA:44,0
DA:45,0
DA:46,0
DA:47,0
DA:48,0
DA:49,0
DA:52,0
DA:53,0
DA:56,0
DA:57,0
DA:60,0
DA:67,0
DA:68,0
DA:72,0
DA:73,0
DA:83,0
DA:84,0
DA:88,0
DA:89,0
DA:99,0
DA:100,0
DA:105,0
DA:106,0
DA:107,0
DA:108,0
DA:110,0
DA:112,0
DA:123,0
DA:124,0
DA:129,0
DA:130,0
DA:137,0
DA:138,0
DA:139,0
DA:140,0
DA:143,0
DA:147,0
DA:151,0
DA:156,0
DA:157,0
DA:162,0
DA:163,0
DA:164,0
DA:165,0
DA:166,0
DA:169,0
DA:170,0
DA:171,0
DA:173,0
DA:174,0
DA:175,0
DA:177,0
DA:182,0
DA:191,0
DA:193,0
DA:201,0
DA:205,0
DA:208,0
DA:209,0
DA:210,0
DA:211,0
DA:214,0
DA:215,0
DA:216,0
DA:217,0
DA:221,0
DA:222,0
DA:223,0
DA:224,0
DA:228,0
DA:229,0
DA:230,0
DA:231,0
DA:235,0
DA:236,0
DA:240,0
DA:241,0
DA:243,0
DA:244,0
DA:245,0
DA:247,0
DA:249,0
DA:250,0
DA:251,0
DA:252,0
DA:257,0
DA:258,0
DA:263,0
DA:268,0
DA:269,0
DA:271,0
DA:272,0
DA:274,0
DA:275,0
DA:276,0
DA:278,0
DA:280,0
DA:281,0
DA:282,0
DA:283,0
DA:288,0
DA:289,0
DA:294,0
DA:299,0
DA:300,0
DA:303,0
DA:304,0
DA:305,0
DA:310,0
DA:311,0
DA:313,0
DA:316,0
DA:318,0
DA:319,0
DA:321,0
DA:323,0
DA:324,0
DA:325,0
DA:329,0
DA:541,0
DA:542,0
DA:543,0
DA:544,0
DA:749,0
DA:849,0
DA:1049,0
DA:1100,0
DA:1180,0
DA:1253,0
DA:1291,0
DA:1310,0
DA:1311,0
DA:1343,0
LF:148
LH:0
BRDA:164,0,0,0
BRDA:164,0,1,0
BRDA:173,1,0,0
BRDA:173,1,1,0
BRDA:178,2,0,0
BRDA:178,2,1,0
BRDA:236,3,0,0
BRDA:236,3,1,0
BRDA:247,4,0,0
BRDA:247,4,1,0
BRDA:251,5,0,0
BRDA:251,5,1,0
BRDA:269,6,0,0
BRDA:269,6,1,0
BRDA:278,7,0,0
BRDA:278,7,1,0
BRDA:282,8,0,0
BRDA:282,8,1,0
BRDA:304,9,0,0
BRDA:304,9,1,0
BRDA:311,10,0,0
BRDA:311,10,1,0
BRDA:316,11,0,0
BRDA:316,11,1,0
BRDA:321,12,0,0
BRDA:321,12,1,0
BRDA:324,13,0,0
BRDA:324,13,1,0
BRDA:389,14,0,0
BRDA:421,15,0,0
BRDA:421,15,1,0
BRDA:428,16,0,0
BRDA:442,17,0,0
BRDA:472,18,0,0
BRDA:472,18,1,0
BRDA:476,19,0,0
BRDA:476,19,1,0
BRDA:479,20,0,0
BRDA:484,21,0,0
BRDA:498,22,0,0
BRDA:532,23,0,0
BRDA:541,24,0,0
BRDA:541,24,1,0
BRDA:543,25,0,0
BRDA:543,25,1,0
BRDA:585,26,0,0
BRDA:587,27,0,0
BRDA:587,27,1,0
BRDA:628,28,0,0
BRDA:628,28,1,0
BRDA:633,29,0,0
BRDA:633,29,1,0
BRDA:633,29,2,0
BRDA:641,30,0,0
BRDA:643,31,0,0
BRDA:643,31,1,0
BRDA:684,32,0,0
BRDA:688,33,0,0
BRDA:688,33,1,0
BRDA:739,34,0,0
BRDA:741,35,0,0
BRDA:741,35,1,0
BRDA:745,36,0,0
BRDA:745,36,1,0
BRDA:745,36,2,0
BRDA:771,37,0,0
BRDA:839,38,0,0
BRDA:841,39,0,0
BRDA:841,39,1,0
BRDA:845,40,0,0
BRDA:845,40,1,0
BRDA:845,40,2,0
BRDA:871,41,0,0
BRDA:871,41,1,0
BRDA:921,42,0,0
BRDA:927,43,0,0
BRDA:927,43,1,0
BRDA:944,44,0,0
BRDA:957,45,0,0
BRDA:957,45,1,0
BRDA:966,46,0,0
BRDA:968,47,0,0
BRDA:968,47,1,0
BRDA:1040,48,0,0
BRDA:1053,49,0,0
BRDA:1053,49,1,0
BRDA:1091,50,0,0
BRDA:1104,51,0,0
BRDA:1104,51,1,0
BRDA:1113,52,0,0
BRDA:1115,53,0,0
BRDA:1115,53,1,0
BRDA:1154,54,0,0
BRDA:1154,54,1,0
BRDA:1163,55,0,0
BRDA:1252,56,0,0
BRDA:1284,57,0,0
BRDA:1284,57,1,0
BRDA:1294,58,0,0
BRDA:1294,58,1,0
BRDA:1299,59,0,0
BRDA:1301,60,0,0
BRDA:1301,60,1,0
BRDA:1336,61,0,0
BRF:104
BRH:0
end_of_record
TN:
SF:src/components/account/oauth-account-linking.tsx
FN:24,OAuthAccountLinking
FN:36,(anonymous_2)
FN:84,(anonymous_3)
FN:120,(anonymous_4)
FN:126,(anonymous_5)
FN:132,(anonymous_6)
FN:190,(anonymous_7)
FN:198,(anonymous_8)
FN:232,(anonymous_9)
FN:248,(anonymous_10)
FN:258,(anonymous_11)
FNF:11
FNH:0
FNDA:0,OAuthAccountLinking
FNDA:0,(anonymous_2)
FNDA:0,(anonymous_3)
FNDA:0,(anonymous_4)
FNDA:0,(anonymous_5)
FNDA:0,(anonymous_6)
FNDA:0,(anonymous_7)
FNDA:0,(anonymous_8)
FNDA:0,(anonymous_9)
FNDA:0,(anonymous_10)
FNDA:0,(anonymous_11)
DA:3,0
DA:4,0
DA:5,0
DA:6,0
DA:7,0
DA:8,0
DA:9,0
DA:10,0
DA:11,0
DA:12,0
DA:13,0
DA:24,0
DA:25,0
DA:26,0
DA:27,0
DA:28,0
DA:29,0
DA:30,0
DA:31,0
DA:32,0
DA:33,0
DA:34,0
DA:36,0
DA:37,0
DA:38,0
DA:39,0
DA:42,0
DA:43,0
DA:45,0
DA:47,0
DA:53,0
DA:55,0
DA:56,0
DA:57,0
DA:61,0
DA:64,0
DA:69,0
DA:70,0
DA:71,0
DA:73,0
DA:77,0
DA:78,0
DA:80,0
DA:84,0
DA:85,0
DA:86,0
DA:87,0
DA:90,0
DA:91,0
DA:93,0
DA:94,0
DA:100,0
DA:102,0
DA:103,0
DA:104,0
DA:107,0
DA:108,0
DA:109,0
DA:110,0
DA:113,0
DA:114,0
DA:116,0
DA:120,0
DA:121,0
DA:122,0
DA:123,0
DA:126,0
DA:127,0
DA:128,0
DA:129,0
DA:132,0
DA:133,0
DA:134,0
DA:135,0
DA:136,0
DA:137,0
DA:140,0
DA:190,0
DA:198,0
DA:232,0
DA:248,0
DA:258,0
LF:82
LH:0
BRDA:37,0,0,0
BRDA:37,0,1,0
BRDA:55,1,0,0
BRDA:55,1,1,0
BRDA:55,2,0,0
BRDA:55,2,1,0
BRDA:56,3,0,0
BRDA:56,3,1,0
BRDA:69,4,0,0
BRDA:69,4,1,0
BRDA:71,5,0,0
BRDA:71,5,1,0
BRDA:85,6,0,0
BRDA:85,6,1,0
BRDA:102,7,0,0
BRDA:102,7,1,0
BRDA:102,8,0,0
BRDA:102,8,1,0
BRDA:103,9,0,0
BRDA:103,9,1,0
BRDA:140,10,0,0
BRDA:140,10,1,0
BRDA:172,11,0,0
BRDA:172,11,1,0
BRDA:175,12,0,0
BRDA:175,12,1,0
BRDA:178,13,0,0
BRDA:178,13,1,0
BRDA:187,14,0,0
BRDA:211,15,0,0
BRDA:219,16,0,0
BRDA:219,16,1,0
BRDA:221,17,0,0
BRDA:221,17,1,0
BRDA:238,18,0,0
BRDA:239,19,0,0
BRDA:239,19,1,0
BRDA:240,20,0,0
BRDA:246,21,0,0
BRDA:249,22,0,0
BRDA:249,22,1,0
BRDA:252,23,0,0
BRDA:256,24,0,0
BRDA:259,25,0,0
BRDA:259,25,1,0
BRDA:263,26,0,0
BRF:46
BRH:0
end_of_record
TN:
SF:src/components/auth/credentials-form.tsx
FN:12,CredentialsForm
FN:23,(anonymous_2)
FN:57,(anonymous_3)
FN:69,(anonymous_4)
FNF:4
FNH:0
FNDA:0,CredentialsForm
FNDA:0,(anonymous_2)
FNDA:0,(anonymous_3)
FNDA:0,(anonymous_4)
DA:3,0
DA:4,0
DA:5,0
DA:6,0
DA:7,0
DA:8,0
DA:9,0
DA:10,0
DA:12,0
DA:13,0
DA:14,0
DA:15,0
DA:16,0
DA:17,0
DA:18,0
DA:21,0
DA:23,0
DA:24,0
DA:25,0
DA:26,0
DA:28,0
DA:29,0
DA:35,0
DA:36,0
DA:38,0
DA:39,0
DA:42,0
DA:44,0
DA:57,0
DA:69,0
LF:30
LH:0
BRDA:35,0,0,0
BRDA:35,0,1,0
BRDA:77,1,0,0
BRF:3
BRH:0
end_of_record
TN:
SF:src/components/auth/registration-form.tsx
FN:20,RegistrationForm
FN:33,(anonymous_3)
FN:35,(anonymous_4)
FN:45,(anonymous_5)
FN:48,(anonymous_6)
FN:146,(anonymous_7)
FNF:6
FNH:0
FNDA:0,RegistrationForm
FNDA:0,(anonymous_3)
FNDA:0,(anonymous_4)
FNDA:0,(anonymous_5)
FNDA:0,(anonymous_6)
FNDA:0,(anonymous_7)
DA:3,0
DA:4,0
DA:5,0
DA:6,0
DA:7,0
DA:8,0
DA:9,0
DA:10,0
DA:11,0
DA:12,0
DA:13,0
DA:20,0
DA:21,0
DA:22,0
DA:23,0
DA:24,0
DA:26,0
DA:29,0
DA:35,0
DA:36,0
DA:43,0
DA:45,0
DA:48,0
DA:49,0
DA:50,0
DA:51,0
DA:54,0
DA:55,0
DA:146,0
LF:29
LH:0
BRDA:54,0,0,0
BRDA:54,0,1,0
BRDA:91,1,0,0
BRDA:91,1,1,0
BRDA:91,2,0,0
BRDA:91,2,1,0
BRDA:104,3,0,0
BRDA:104,3,1,0
BRDA:104,4,0,0
BRDA:104,4,1,0
BRDA:119,5,0,0
BRDA:119,5,1,0
BRDA:119,6,0,0
BRDA:119,6,1,0
BRDA:134,7,0,0
BRDA:134,7,1,0
BRDA:134,8,0,0
BRDA:134,8,1,0
BRDA:158,9,0,0
BRDA:160,10,0,0
BRDA:160,10,1,0
BRDA:170,11,0,0
BRDA:170,11,1,0
BRF:23
BRH:0
end_of_record
TN:
SF:src/components/auth/role-guard.tsx
FN:22,RoleGuard
FN:34,(anonymous_4)
FN:68,RoleVisibility
FN:83,(anonymous_6)
FN:84,(anonymous_7)
FNF:5
FNH:0
FNDA:0,RoleGuard
FNDA:0,(anonymous_4)
FNDA:0,RoleVisibility
FNDA:0,(anonymous_6)
FNDA:0,(anonymous_7)
DA:8,0
DA:10,0
DA:11,0
DA:12,0
DA:22,0
DA:29,0
DA:30,0
DA:32,0
DA:34,0
DA:35,0
DA:36,0
DA:37,0
DA:38,0
DA:42,0
DA:43,0
DA:46,0
DA:50,0
DA:68,0
DA:74,0
DA:76,0
DA:77,0
DA:80,0
DA:82,0
DA:83,0
DA:84,0
LF:25
LH:0
BRDA:25,0,0,0
BRDA:27,1,0,0
BRDA:35,2,0,0
BRDA:35,2,1,0
BRDA:35,3,0,0
BRDA:35,3,1,0
BRDA:35,3,2,0
BRDA:37,4,0,0
BRDA:37,4,1,0
BRDA:37,5,0,0
BRDA:37,5,1,0
BRDA:37,5,2,0
BRDA:37,5,3,0
BRDA:42,6,0,0
BRDA:42,6,1,0
BRDA:43,7,0,0
BRDA:43,7,1,0
BRDA:46,8,0,0
BRDA:46,8,1,0
BRDA:50,9,0,0
BRDA:50,9,1,0
BRDA:71,10,0,0
BRDA:72,11,0,0
BRDA:76,12,0,0
BRDA:76,12,1,0
BRDA:80,13,0,0
BRDA:80,13,1,0
BRDA:82,14,0,0
BRDA:82,14,1,0
BRDA:86,15,0,0
BRF:30
BRH:0
end_of_record
TN:
SF:src/components/auth/session-provider.tsx
FN:5,AuthSessionProvider
FNF:1
FNH:0
FNDA:0,AuthSessionProvider
DA:3,0
DA:5,0
LF:2
LH:0
BRF:0
BRH:0
end_of_record
TN:
SF:src/components/auth/sign-in-button.tsx
FN:9,SignInButton
FN:25,(anonymous_2)
FN:39,(anonymous_3)
FNF:3
FNH:0
FNDA:0,SignInButton
FNDA:0,(anonymous_2)
FNDA:0,(anonymous_3)
DA:3,0
DA:5,0
DA:6,0
DA:7,0
DA:9,0
DA:10,0
DA:11,0
DA:14,0
DA:16,0
DA:22,0
DA:25,0
DA:39,0
LF:12
LH:0
BRDA:16,0,0,0
BRDA:16,0,1,0
BRDA:22,1,0,0
BRDA:22,1,1,0
BRF:4
BRH:0
end_of_record
TN:
SF:src/components/auth/two-factor-verification.tsx
FN:23,TwoFactorVerification
FN:44,(anonymous_2)
FN:48,(anonymous_3)
FN:111,(anonymous_4)
FN:130,(anonymous_5)
FN:138,(anonymous_6)
FN:221,(anonymous_7)
FNF:7
FNH:0
FNDA:0,TwoFactorVerification
FNDA:0,(anonymous_2)
FNDA:0,(anonymous_3)
FNDA:0,(anonymous_4)
FNDA:0,(anonymous_5)
FNDA:0,(anonymous_6)
FNDA:0,(anonymous_7)
DA:3,0
DA:4,0
DA:6,0
DA:11,0
DA:12,0
DA:13,0
DA:23,0
DA:30,0
DA:31,0
DA:32,0
DA:34,0
DA:35,0
DA:36,0
DA:37,0
DA:38,0
DA:40,0
DA:41,0
DA:44,0
DA:45,0
DA:48,0
DA:49,0
DA:50,0
DA:52,0
DA:53,0
DA:55,0
DA:56,0
DA:57,0
DA:58,0
DA:60,0
DA:61,0
DA:63,0
DA:65,0
DA:67,0
DA:70,0
DA:81,0
DA:83,0
DA:84,0
DA:90,0
DA:91,0
DA:94,0
DA:97,0
DA:104,0
DA:105,0
DA:111,0
DA:112,0
DA:114,0
DA:117,0
DA:120,0
DA:121,0
DA:126,0
DA:130,0
DA:131,0
DA:132,0
DA:134,0
DA:138,0
DA:139,0
DA:140,0
DA:141,0
DA:222,0
DA:223,0
DA:225,0
DA:233,0
LF:62
LH:0
BRDA:26,0,0,0
BRDA:50,1,0,0
BRDA:50,1,1,0
BRDA:63,2,0,0
BRDA:63,2,1,0
BRDA:67,3,0,0
BRDA:67,3,1,0
BRDA:83,4,0,0
BRDA:83,4,1,0
BRDA:90,5,0,0
BRDA:90,5,1,0
BRDA:100,6,0,0
BRDA:100,6,1,0
BRDA:112,7,0,0
BRDA:112,7,1,0
BRDA:131,8,0,0
BRDA:131,8,1,0
BRDA:169,9,0,0
BRDA:169,9,1,0
BRDA:177,10,0,0
BRDA:177,10,1,0
BRDA:196,11,0,0
BRDA:196,11,1,0
BRDA:214,12,0,0
BRDA:214,12,1,0
BRDA:223,13,0,0
BRDA:223,13,1,0
BRDA:236,14,0,0
BRDA:236,14,1,0
BRDA:238,15,0,0
BRDA:238,15,1,0
BRDA:245,16,0,0
BRDA:247,17,0,0
BRDA:247,17,1,0
BRDA:259,18,0,0
BRDA:259,18,1,0
BRDA:260,19,0,0
BRDA:260,19,1,0
BRDA:274,20,0,0
BRDA:274,20,1,0
BRDA:293,21,0,0
BRDA:293,21,1,0
BRF:42
BRH:0
end_of_record
TN:
SF:src/components/errors/error-boundary.tsx
FN:32,(anonymous_7)
FN:104,(anonymous_8)
FN:118,(anonymous_9)
FN:119,(anonymous_10)
FN:124,(anonymous_11)
FN:41,(anonymous_12)
FN:49,(anonymous_13)
FN:64,(anonymous_14)
FN:78,(anonymous_15)
FN:90,(anonymous_16)
FN:98,(anonymous_17)
FN:142,(anonymous_18)
FN:183,PageErrorFallback
FN:224,(anonymous_20)
FN:246,SectionErrorFallback
FN:278,ComponentErrorFallback
FN:320,useErrorHandler
FN:323,(anonymous_24)
FN:330,(anonymous_25)
FN:331,(anonymous_26)
FN:338,withErrorBoundary
FNF:21
FNH:0
FNDA:0,(anonymous_7)
FNDA:0,(anonymous_8)
FNDA:0,(anonymous_9)
FNDA:0,(anonymous_10)
FNDA:0,(anonymous_11)
FNDA:0,(anonymous_12)
FNDA:0,(anonymous_13)
FNDA:0,(anonymous_14)
FNDA:0,(anonymous_15)
FNDA:0,(anonymous_16)
FNDA:0,(anonymous_17)
FNDA:0,(anonymous_18)
FNDA:0,PageErrorFallback
FNDA:0,(anonymous_20)
FNDA:0,SectionErrorFallback
FNDA:0,ComponentErrorFallback
FNDA:0,useErrorHandler
FNDA:0,(anonymous_24)
FNDA:0,(anonymous_25)
FNDA:0,(anonymous_26)
FNDA:0,withErrorBoundary
DA:3,0
DA:4,0
DA:5,0
DA:28,0
DA:33,0
DA:34,0
DA:38,0
DA:42,0
DA:50,0
DA:51,0
DA:54,0
DA:55,0
DA:59,0
DA:60,0
DA:64,0
DA:70,0
DA:73,0
DA:74,0
DA:79,0
DA:80,0
DA:82,0
DA:84,0
DA:85,0
DA:89,0
DA:90,0
DA:91,0
DA:92,0
DA:99,0
DA:100,0
DA:105,0
DA:106,0
DA:107,0
DA:110,0
DA:119,0
DA:120,0
DA:127,0
DA:136,0
DA:143,0
DA:144,0
DA:146,0
DA:148,0
DA:153,0
DA:176,0
DA:224,0
DA:289,0
DA:320,0
DA:321,0
DA:323,0
DA:324,0
DA:325,0
DA:329,0
DA:330,0
DA:331,0
DA:338,0
DA:348,0
DA:350,0
LF:56
LH:0
BRDA:105,0,0,0
BRDA:105,0,1,0
BRDA:132,1,0,0
BRDA:132,1,1,0
BRDA:133,2,0,0
BRDA:133,2,1,0
BRDA:136,3,0,0
BRDA:136,3,1,0
BRDA:38,4,0,0
BRDA:38,4,1,0
BRDA:54,5,0,0
BRDA:54,5,1,0
BRDA:59,6,0,0
BRDA:59,6,1,0
BRDA:73,7,0,0
BRDA:73,7,1,0
BRDA:82,8,0,0
BRDA:82,8,1,0
BRDA:84,9,0,0
BRDA:84,9,1,0
BRDA:84,10,0,0
BRDA:84,10,1,0
BRDA:89,11,0,0
BRDA:89,11,1,0
BRDA:89,12,0,0
BRDA:89,12,1,0
BRDA:90,13,0,0
BRDA:90,13,1,0
BRDA:99,14,0,0
BRDA:99,14,1,0
BRDA:144,15,0,0
BRDA:146,16,0,0
BRDA:146,16,1,0
BRDA:146,17,0,0
BRDA:146,17,1,0
BRDA:148,18,0,0
BRDA:148,18,1,0
BRDA:206,19,0,0
BRDA:233,20,0,0
BRDA:261,21,0,0
BRDA:261,21,1,0
BRDA:289,22,0,0
BRDA:289,22,1,0
BRDA:324,23,0,0
BRDA:324,23,1,0
BRDA:348,24,0,0
BRDA:348,24,1,0
BRF:47
BRH:0
end_of_record
TN:
SF:src/components/errors/error-provider.tsx
FN:34,ErrorProvider
FN:47,(anonymous_10)
FN:48,(anonymous_11)
FN:48,(anonymous_12)
FN:51,(anonymous_13)
FN:52,(anonymous_14)
FN:58,(anonymous_15)
FN:73,(anonymous_16)
FN:77,(anonymous_17)
FN:109,(anonymous_18)
FN:125,useErrorContext
FN:136,useAsyncError
FN:139,(anonymous_21)
FN:147,useErrorWrapper
FN:150,(anonymous_23)
FN:154,(anonymous_24)
FN:168,normalizeError
FN:188,isUserFacingError
FN:197,generateErrorId
FN:204,reportError
FN:214,ErrorDisplay
FN:216,(anonymous_30)
FN:224,(anonymous_31)
FN:239,(anonymous_32)
FNF:24
FNH:0
FNDA:0,ErrorProvider
FNDA:0,(anonymous_10)
FNDA:0,(anonymous_11)
FNDA:0,(anonymous_12)
FNDA:0,(anonymous_13)
FNDA:0,(anonymous_14)
FNDA:0,(anonymous_15)
FNDA:0,(anonymous_16)
FNDA:0,(anonymous_17)
FNDA:0,(anonymous_18)
FNDA:0,useErrorContext
FNDA:0,useAsyncError
FNDA:0,(anonymous_21)
FNDA:0,useErrorWrapper
FNDA:0,(anonymous_23)
FNDA:0,(anonymous_24)
FNDA:0,normalizeError
FNDA:0,isUserFacingError
FNDA:0,generateErrorId
FNDA:0,reportError
FNDA:0,ErrorDisplay
FNDA:0,(anonymous_30)
FNDA:0,(anonymous_31)
FNDA:0,(anonymous_32)
DA:3,0
DA:4,0
DA:29,0
DA:34,0
DA:45,0
DA:47,0
DA:48,0
DA:51,0
DA:52,0
DA:54,0
DA:57,0
DA:58,0
DA:59,0
DA:63,0
DA:68,0
DA:69,0
DA:73,0
DA:74,0
DA:77,0
DA:78,0
DA:86,0
DA:87,0
DA:91,0
DA:94,0
DA:97,0
DA:110,0
DA:125,0
DA:126,0
DA:127,0
DA:128,0
DA:130,0
DA:136,0
DA:137,0
DA:139,0
DA:140,0
DA:147,0
DA:148,0
DA:150,0
DA:154,0
DA:155,0
DA:156,0
DA:158,0
DA:159,0
DA:169,0
DA:170,0
DA:173,0
DA:174,0
DA:177,0
DA:178,0
DA:179,0
DA:182,0
DA:191,0
DA:198,0
DA:206,0
DA:214,0
DA:215,0
DA:216,0
DA:218,0
DA:219,0
DA:225,0
DA:239,0
LF:61
LH:0
BRDA:36,0,0,0
BRDA:37,1,0,0
BRDA:38,2,0,0
BRDA:57,3,0,0
BRDA:57,3,1,0
BRDA:68,4,0,0
BRDA:68,4,1,0
BRDA:86,5,0,0
BRDA:86,5,1,0
BRDA:127,6,0,0
BRDA:127,6,1,0
BRDA:169,7,0,0
BRDA:169,7,1,0
BRDA:173,8,0,0
BRDA:173,8,1,0
BRDA:177,9,0,0
BRDA:177,9,1,0
BRDA:177,10,0,0
BRDA:177,10,1,0
BRDA:179,11,0,0
BRDA:179,11,1,0
BRDA:206,12,0,0
BRDA:206,12,1,0
BRDA:218,13,0,0
BRDA:218,13,1,0
BRDA:232,14,0,0
BRF:26
BRH:0
end_of_record
TN:
SF:src/components/layouts/auth-guard.tsx
FN:26,AuthGuard
FNF:1
FNH:1
FNDA:10,AuthGuard
DA:1,1
DA:2,1
DA:26,10
DA:32,10
DA:33,10
DA:36,10
DA:37,4
DA:38,4
DA:42,10
DA:43,3
DA:44,3
LF:11
LH:11
BRDA:29,0,0,6
BRDA:36,1,0,4
BRDA:36,1,1,6
BRDA:36,2,0,10
BRDA:36,2,1,6
BRDA:38,3,0,4
BRDA:38,3,1,3
BRDA:42,4,0,3
BRDA:42,4,1,7
BRDA:42,5,0,10
BRDA:42,5,1,4
BRDA:44,6,0,3
BRDA:44,6,1,2
BRF:13
BRH:13
end_of_record
TN:
SF:src/components/layouts/centered-content-layout.tsx
FN:35,CenteredContentLayout
FNF:1
FNH:1
FNDA:13,CenteredContentLayout
DA:1,1
DA:10,1
DA:35,13
LF:3
LH:3
BRDA:37,0,0,4
BRDA:39,1,0,11
BRDA:45,2,0,13
BRDA:45,2,1,11
BRF:4
BRH:4
end_of_record
TN:
SF:src/components/layouts/dashboard-layout.tsx
FN:35,DashboardLayout
FNF:1
FNH:1
FNDA:12,DashboardLayout
DA:1,1
DA:2,1
DA:11,1
DA:35,12
DA:49,12
LF:5
LH:5
BRDA:37,0,0,5
BRDA:39,1,0,10
BRDA:49,2,0,2
BRDA:49,2,1,10
BRF:4
BRH:4
end_of_record
TN:
SF:src/components/layouts/form-page-layout.tsx
FN:25,FormPageLayout
FNF:1
FNH:1
FNDA:6,FormPageLayout
DA:1,1
DA:2,1
DA:25,6
LF:3
LH:3
BRDA:27,0,0,4
BRDA:28,1,0,4
BRF:2
BRH:2
end_of_record
TN:
SF:src/components/layouts/gradient-page-layout.tsx
FN:31,GradientPageLayout
FNF:1
FNH:1
FNDA:6,GradientPageLayout
DA:1,1
DA:9,1
DA:31,6
LF:3
LH:3
BRDA:34,0,0,3
BRF:1
BRH:1
end_of_record
TN:
SF:src/components/layouts/loading-layout.tsx
FN:27,LoadingLayout
FNF:1
FNH:1
FNDA:9,LoadingLayout
DA:1,1
DA:2,1
DA:27,9
LF:3
LH:3
BRDA:28,0,0,5
BRDA:29,1,0,7
BRDA:30,2,0,7
BRDA:37,3,0,2
BRDA:37,3,1,7
BRDA:44,4,0,9
BRF:6
BRH:6
end_of_record
TN:
SF:src/components/security/two-factor-setup.tsx
FN:22,TwoFactorSetup
FN:49,(anonymous_3)
FN:52,(anonymous_4)
FN:54,(anonymous_5)
FN:67,(anonymous_6)
FN:76,(anonymous_7)
FN:102,(anonymous_8)
FN:114,(anonymous_9)
FN:146,(anonymous_10)
FN:156,(anonymous_11)
FN:178,(anonymous_12)
FN:307,(anonymous_13)
FN:353,(anonymous_14)
FN:385,(anonymous_15)
FN:399,(anonymous_16)
FNF:15
FNH:0
FNDA:0,TwoFactorSetup
FNDA:0,(anonymous_3)
FNDA:0,(anonymous_4)
FNDA:0,(anonymous_5)
FNDA:0,(anonymous_6)
FNDA:0,(anonymous_7)
FNDA:0,(anonymous_8)
FNDA:0,(anonymous_9)
FNDA:0,(anonymous_10)
FNDA:0,(anonymous_11)
FNDA:0,(anonymous_12)
FNDA:0,(anonymous_13)
FNDA:0,(anonymous_14)
FNDA:0,(anonymous_15)
FNDA:0,(anonymous_16)
DA:3,0
DA:4,0
DA:5,0
DA:6,0
DA:7,0
DA:8,0
DA:9,0
DA:10,0
DA:22,0
DA:23,0
DA:24,0
DA:25,0
DA:26,0
DA:28,0
DA:29,0
DA:35,0
DA:36,0
DA:37,0
DA:40,0
DA:41,0
DA:48,0
DA:49,0
DA:53,0
DA:54,0
DA:59,0
DA:65,0
DA:67,0
DA:71,0
DA:73,0
DA:76,0
DA:77,0
DA:79,0
DA:80,0
DA:82,0
DA:83,0
DA:85,0
DA:86,0
DA:87,0
DA:89,0
DA:92,0
DA:97,0
DA:102,0
DA:103,0
DA:104,0
DA:106,0
DA:107,0
DA:108,0
DA:110,0
DA:114,0
DA:115,0
DA:117,0
DA:118,0
DA:127,0
DA:128,0
DA:130,0
DA:137,0
DA:138,0
DA:146,0
DA:147,0
DA:149,0
DA:156,0
DA:164,0
DA:165,0
DA:166,0
DA:167,0
DA:168,0
DA:169,0
DA:170,0
DA:171,0
DA:172,0
DA:174,0
DA:178,0
DA:179,0
DA:182,0
DA:256,0
DA:307,0
DA:353,0
DA:366,0
DA:385,0
DA:400,0
DA:441,0
LF:81
LH:0
BRDA:53,0,0,0
BRDA:53,0,1,0
BRDA:54,1,0,0
BRDA:54,1,1,0
BRDA:71,2,0,0
BRDA:71,2,1,0
BRDA:73,3,0,0
BRDA:73,3,1,0
BRDA:77,4,0,0
BRDA:77,4,1,0
BRDA:85,5,0,0
BRDA:85,5,1,0
BRDA:85,6,0,0
BRDA:85,6,1,0
BRDA:104,7,0,0
BRDA:104,7,1,0
BRDA:104,8,0,0
BRDA:104,8,1,0
BRDA:115,9,0,0
BRDA:115,9,1,0
BRDA:115,10,0,0
BRDA:115,10,1,0
BRDA:132,11,0,0
BRDA:132,11,1,0
BRDA:147,12,0,0
BRDA:147,12,1,0
BRDA:182,13,0,0
BRDA:182,13,1,0
BRDA:220,14,0,0
BRDA:220,14,1,0
BRDA:242,15,0,0
BRDA:256,16,0,0
BRDA:256,16,1,0
BRDA:256,17,0,0
BRDA:256,17,1,0
BRDA:321,18,0,0
BRDA:323,19,0,0
BRDA:323,19,1,0
BRDA:366,20,0,0
BRDA:366,20,1,0
BRDA:366,21,0,0
BRDA:366,21,1,0
BRDA:388,22,0,0
BRDA:388,22,1,0
BRDA:396,23,0,0
BRDA:427,24,0,0
BRDA:427,24,1,0
BRDA:431,25,0,0
BRF:48
BRH:0
end_of_record
TN:
SF:src/components/ui/alert-message.tsx
FN:81,AlertMessage
FN:122,(anonymous_2)
FNF:2
FNH:2
FNDA:14,AlertMessage
FNDA:2,(anonymous_2)
DA:1,1
DA:2,1
DA:31,1
DA:81,14
DA:88,14
DA:123,2
LF:6
LH:6
BRDA:120,0,0,14
BRDA:120,0,1,2
BRDA:131,1,0,14
BRDA:137,2,0,5
BRDA:137,2,1,1
BRDA:138,3,0,5
BRDA:138,3,1,1
BRDA:139,4,0,5
BRDA:139,4,1,1
BRDA:140,5,0,5
BRDA:140,5,1,2
BRF:11
BRH:11
end_of_record
TN:
SF:src/components/ui/alert.tsx
FNF:0
FNH:0
DA:1,0
DA:2,0
DA:18,0
DA:30,0
DA:32,0
LF:5
LH:0
BRF:0
BRH:0
end_of_record
TN:
SF:src/components/ui/button.tsx
FN:11,(anonymous_4)
FNF:1
FNH:0
FNDA:0,(anonymous_4)
DA:1,0
DA:2,0
DA:10,0
DA:38,0
DA:40,0
LF:5
LH:0
BRDA:11,0,0,0
BRDA:11,1,0,0
BRF:2
BRH:0
end_of_record
TN:
SF:src/components/ui/card.tsx
FNF:0
FNH:0
DA:1,0
DA:2,0
DA:17,0
DA:29,0
DA:44,0
DA:56,0
DA:64,0
DA:76,0
DA:78,0
LF:9
LH:0
BRF:0
BRH:0
end_of_record
TN:
SF:src/components/ui/gradient-button.tsx
FN:71,(anonymous_1)
FNF:1
FNH:1
FNDA:16,(anonymous_1)
DA:1,1
DA:2,1
DA:3,1
DA:36,1
DA:45,1
DA:70,16
DA:113,1
LF:7
LH:7
BRDA:72,0,0,13
BRDA:73,1,0,14
BRDA:74,2,0,15
BRDA:75,3,0,13
BRDA:85,4,0,16
BRDA:85,4,1,14
BRDA:94,5,0,16
BRDA:94,5,1,1
BRDA:100,6,0,16
BRDA:102,7,0,0
BRDA:102,7,1,3
BRDA:107,8,0,1
BRDA:107,8,1,15
BRDA:107,9,0,16
BRDA:107,9,1,3
BRF:15
BRH:14
end_of_record
TN:
SF:src/components/ui/input-with-icon.tsx
FN:76,(anonymous_1)
FN:145,(anonymous_2)
FNF:2
FNH:2
FNDA:21,(anonymous_1)
FNDA:2,(anonymous_2)
DA:1,1
DA:2,1
DA:3,1
DA:37,1
DA:45,1
DA:75,19
DA:88,21
DA:89,21
DA:92,21
DA:95,21
DA:145,2
DA:174,1
LF:12
LH:12
BRDA:79,0,0,18
BRDA:80,1,0,18
BRDA:82,2,0,20
BRDA:84,3,0,12
BRDA:92,4,0,1
BRDA:92,4,1,20
BRDA:92,5,0,21
BRDA:92,5,1,5
BRDA:95,6,0,21
BRDA:95,6,1,20
BRDA:99,7,0,21
BRDA:104,8,0,2
BRDA:104,8,1,1
BRDA:116,9,0,1
BRDA:116,9,1,20
BRDA:129,10,0,1
BRDA:129,10,1,20
BRDA:132,11,0,21
BRDA:132,11,1,20
BRDA:133,12,0,21
BRDA:133,12,1,3
BRDA:133,12,2,3
BRDA:137,13,0,1
BRDA:137,13,1,20
BRDA:142,14,0,21
BRDA:142,14,1,3
BRDA:148,15,0,1
BRDA:148,15,1,2
BRDA:151,16,0,1
BRDA:160,17,0,21
BRF:30
BRH:30
end_of_record
TN:
SF:src/components/ui/input.tsx
FN:8,(anonymous_4)
FNF:1
FNH:0
FNDA:0,(anonymous_4)
DA:1,0
DA:2,0
DA:7,0
DA:22,0
DA:24,0
LF:5
LH:0
BRF:0
BRH:0
end_of_record
TN:
SF:src/components/ui/label.tsx
FNF:0
FNH:0
DA:1,0
DA:2,0
DA:17,0
DA:19,0
LF:4
LH:0
BRF:0
BRH:0
end_of_record
TN:
SF:src/components/ui/loading-spinner.tsx
FN:57,LoadingSpinner
FNF:1
FNH:1
FNDA:9,LoadingSpinner
DA:1,2
DA:28,2
DA:35,2
DA:57,9
LF:4
LH:4
BRDA:58,0,0,4
BRDA:59,1,0,4
BRDA:61,2,0,7
BRF:3
BRH:3
end_of_record
TN:
SF:src/config/i18n.ts
FN:20,isValidLocale
FN:32,getSafeLocale
FN:42,getSafeLocaleWithLogging
FN:73,getLocaleOptions
FN:81,shouldLogSecurityEvents
FNF:5
FNH:5
FNDA:38,isValidLocale
FNDA:14,getSafeLocale
FNDA:5,getSafeLocaleWithLogging
FNDA:2,getLocaleOptions
FNDA:3,shouldLogSecurityEvents
DA:6,1
DA:9,5
DA:13,11
DA:20,19
DA:21,38
DA:32,14
DA:33,14
DA:42,5
DA:49,5
DA:50,1
DA:54,4
DA:55,3
DA:57,3
DA:58,2
DA:62,1
DA:66,4
DA:73,2
DA:74,2
DA:81,3
DA:82,3
LF:20
LH:20
BRDA:22,0,0,38
BRDA:22,0,1,29
BRDA:33,1,0,5
BRDA:33,1,1,9
BRDA:49,2,0,1
BRDA:49,2,1,4
BRDA:54,3,0,3
BRDA:54,3,1,1
BRDA:55,4,0,3
BRDA:55,4,1,1
BRDA:57,5,0,2
BRDA:57,5,1,1
BRDA:82,6,0,3
BRDA:82,6,1,2
BRF:14
BRH:14
end_of_record
TN:
SF:src/generated/prisma/client.js
FNF:0
FNH:0
DA:4,0
LF:1
LH:0
BRF:0
BRH:0
end_of_record
TN:
SF:src/generated/prisma/default.js
FNF:0
FNH:0
DA:4,0
LF:1
LH:0
BRF:0
BRH:0
end_of_record
TN:
SF:src/generated/prisma/edge.js
FN:291,(anonymous_0)
FNF:1
FNH:0
FNDA:0,(anonymous_0)
DA:5,0
DA:29,0
DA:32,0
DA:34,0
DA:35,0
DA:41,0
DA:46,0
DA:47,0
DA:48,0
DA:49,0
DA:50,0
DA:51,0
DA:56,0
DA:57,0
DA:58,0
DA:59,0
DA:60,0
DA:65,0
DA:66,0
DA:71,0
DA:72,0
DA:73,0
DA:75,0
DA:88,0
DA:95,0
DA:110,0
DA:117,0
DA:144,0
DA:153,0
DA:163,0
DA:174,0
DA:180,0
DA:192,0
DA:197,0
DA:202,0
DA:207,0
DA:212,0
DA:217,0
DA:223,0
DA:236,0
DA:284,0
DA:286,0
DA:287,0
DA:288,0
DA:289,0
DA:291,0
DA:297,0
DA:298,0
DA:301,0
DA:302,0
DA:303,0
LF:51
LH:0
BRDA:293,0,0,0
BRDA:293,0,1,0
BRDA:293,0,2,0
BRDA:293,0,3,0
BRDA:293,0,4,0
BRDA:293,0,5,0
BRDA:297,1,0,0
BRDA:297,1,1,0
BRDA:297,2,0,0
BRDA:297,2,1,0
BRDA:297,2,2,0
BRDA:297,2,3,0
BRDA:297,2,4,0
BRDA:297,2,5,0
BRDA:298,3,0,0
BRDA:298,3,1,0
BRDA:298,3,2,0
BRDA:298,3,3,0
BRDA:298,3,4,0
BRDA:298,3,5,0
BRF:20
BRH:0
end_of_record
TN:
SF:src/generated/prisma/index-browser.js
FN:31,(anonymous_0)
FN:36,(anonymous_1)
FN:41,(anonymous_2)
FN:46,(anonymous_3)
FN:51,(anonymous_4)
FN:61,(anonymous_5)
FN:66,(anonymous_6)
FN:71,(anonymous_7)
FN:76,(anonymous_8)
FN:86,(anonymous_9)
FN:91,(anonymous_10)
FN:266,(anonymous_11)
FN:268,(anonymous_12)
FNF:13
FNH:0
FNDA:0,(anonymous_0)
FNDA:0,(anonymous_1)
FNDA:0,(anonymous_2)
FNDA:0,(anonymous_3)
FNDA:0,(anonymous_4)
FNDA:0,(anonymous_5)
FNDA:0,(anonymous_6)
FNDA:0,(anonymous_7)
FNDA:0,(anonymous_8)
FNDA:0,(anonymous_9)
FNDA:0,(anonymous_10)
FNDA:0,(anonymous_11)
FNDA:0,(anonymous_12)
DA:5,0
DA:14,0
DA:17,0
DA:19,0
DA:20,0
DA:26,0
DA:31,0
DA:32,0
DA:33,0
DA:36,0
DA:37,0
DA:38,0
DA:41,0
DA:42,0
DA:43,0
DA:46,0
DA:47,0
DA:48,0
DA:51,0
DA:52,0
DA:53,0
DA:56,0
DA:61,0
DA:62,0
DA:63,0
DA:66,0
DA:67,0
DA:68,0
DA:71,0
DA:72,0
DA:73,0
DA:76,0
DA:77,0
DA:78,0
DA:81,0
DA:86,0
DA:87,0
DA:88,0
DA:91,0
DA:92,0
DA:93,0
DA:100,0
DA:101,0
DA:102,0
DA:104,0
DA:116,0
DA:123,0
DA:138,0
DA:145,0
DA:172,0
DA:181,0
DA:191,0
DA:202,0
DA:208,0
DA:220,0
DA:225,0
DA:230,0
DA:235,0
DA:240,0
DA:245,0
DA:251,0
DA:267,0
DA:270,0
DA:271,0
DA:272,0
DA:277,0
DA:280,0
DA:283,0
DA:289,0
DA:291,0
LF:70
LH:0
BRDA:271,0,0,0
BRDA:271,0,1,0
BRF:2
BRH:0
end_of_record
TN:
SF:src/generated/prisma/index.js
FN:295,(anonymous_0)
FNF:1
FNH:0
FNDA:0,(anonymous_0)
DA:5,1
DA:29,1
DA:32,1
DA:34,1
DA:35,1
DA:41,1
DA:46,1
DA:47,1
DA:48,1
DA:49,1
DA:50,1
DA:51,1
DA:56,1
DA:57,1
DA:58,1
DA:59,1
DA:60,1
DA:65,1
DA:66,1
DA:71,1
DA:72,1
DA:73,1
DA:75,1
DA:84,1
DA:89,1
DA:96,1
DA:111,1
DA:118,1
DA:145,1
DA:154,1
DA:164,1
DA:175,1
DA:181,1
DA:193,1
DA:198,1
DA:203,1
DA:208,1
DA:213,1
DA:218,1
DA:224,1
DA:237,1
DA:286,1
DA:288,1
DA:289,1
DA:290,0
DA:295,0
DA:296,0
DA:299,0
DA:300,0
DA:303,1
DA:304,1
DA:305,1
DA:306,1
DA:309,1
DA:311,1
DA:316,1
DA:317,1
DA:318,1
DA:321,1
DA:322,1
DA:324,1
DA:325,1
LF:62
LH:57
BRDA:289,0,0,0
BRDA:289,0,1,1
BRDA:295,1,0,0
BRDA:295,1,1,0
BRDA:312,2,0,1
BRDA:312,2,1,0
BRDA:313,3,0,1
BRDA:313,3,1,1
BRF:8
BRH:4
end_of_record
TN:
SF:src/generated/prisma/wasm.js
FN:31,(anonymous_0)
FN:36,(anonymous_1)
FN:41,(anonymous_2)
FN:46,(anonymous_3)
FN:51,(anonymous_4)
FN:61,(anonymous_5)
FN:66,(anonymous_6)
FN:71,(anonymous_7)
FN:76,(anonymous_8)
FN:86,(anonymous_9)
FN:91,(anonymous_10)
FN:266,(anonymous_11)
FN:268,(anonymous_12)
FNF:13
FNH:0
FNDA:0,(anonymous_0)
FNDA:0,(anonymous_1)
FNDA:0,(anonymous_2)
FNDA:0,(anonymous_3)
FNDA:0,(anonymous_4)
FNDA:0,(anonymous_5)
FNDA:0,(anonymous_6)
FNDA:0,(anonymous_7)
FNDA:0,(anonymous_8)
FNDA:0,(anonymous_9)
FNDA:0,(anonymous_10)
FNDA:0,(anonymous_11)
FNDA:0,(anonymous_12)
DA:5,0
DA:14,0
DA:17,0
DA:19,0
DA:20,0
DA:26,0
DA:31,0
DA:32,0
DA:33,0
DA:36,0
DA:37,0
DA:38,0
DA:41,0
DA:42,0
DA:43,0
DA:46,0
DA:47,0
DA:48,0
DA:51,0
DA:52,0
DA:53,0
DA:56,0
DA:61,0
DA:62,0
DA:63,0
DA:66,0
DA:67,0
DA:68,0
DA:71,0
DA:72,0
DA:73,0
DA:76,0
DA:77,0
DA:78,0
DA:81,0
DA:86,0
DA:87,0
DA:88,0
DA:91,0
DA:92,0
DA:93,0
DA:100,0
DA:101,0
DA:102,0
DA:104,0
DA:116,0
DA:123,0
DA:138,0
DA:145,0
DA:172,0
DA:181,0
DA:191,0
DA:202,0
DA:208,0
DA:220,0
DA:225,0
DA:230,0
DA:235,0
DA:240,0
DA:245,0
DA:251,0
DA:267,0
DA:270,0
DA:271,0
DA:272,0
DA:277,0
DA:280,0
DA:283,0
DA:289,0
DA:291,0
LF:70
LH:0
BRDA:271,0,0,0
BRDA:271,0,1,0
BRF:2
BRH:0
end_of_record
TN:
SF:src/generated/prisma/runtime/edge-esm.js
FN:4,(anonymous_31)
FN:4,(anonymous_32)
FN:4,(anonymous_33)
FN:4,(anonymous_34)
FN:4,(anonymous_35)
FN:4,(anonymous_36)
FN:4,(anonymous_37)
FN:4,(anonymous_38)
FN:4,(anonymous_39)
FN:4,(anonymous_40)
FN:4,(anonymous_41)
FN:4,(anonymous_42)
FN:4,(anonymous_43)
FN:4,(anonymous_44)
FN:4,(anonymous_45)
FN:4,(anonymous_46)
FN:4,(anonymous_47)
FN:4,(anonymous_48)
FN:4,(anonymous_49)
FN:4,(anonymous_50)
FN:4,(anonymous_51)
FN:4,(anonymous_52)
FN:4,a
FN:4,l
FN:4,f
FN:4,g
FN:4,h
FN:4,T
FN:4,k
FN:4,(anonymous_60)
FN:4,(anonymous_61)
FN:4,(anonymous_62)
FN:4,xa
FN:4,(anonymous_64)
FN:4,(anonymous_65)
FN:4,(anonymous_66)
FN:4,xe
FN:4,A
FN:4,pi
FN:4,(anonymous_70)
FN:4,mi
FN:4,Pa
FN:4,(anonymous_73)
FN:4,un
FN:4,(anonymous_75)
FN:4,(anonymous_76)
FN:4,va
FN:4,an
FN:4,Ta
FN:4,di
FN:4,Aa
FN:4,cn
FN:4,Ca
FN:4,(anonymous_84)
FN:4,(anonymous_85)
FN:4,(anonymous_86)
FN:4,(anonymous_87)
FN:4,fi
FN:4,Ra
FN:4,Be
FN:4,(anonymous_91)
FN:4,(anonymous_92)
FN:4,(anonymous_93)
FN:4,(anonymous_94)
FN:4,(anonymous_95)
FN:4,(anonymous_96)
FN:4,(anonymous_97)
FN:4,gi
FN:4,ai
FN:4,l
FN:4,(anonymous_101)
FN:4,(anonymous_102)
FN:4,(anonymous_103)
FN:4,Sa
FN:4,ka
FN:4,Ia
FN:4,Oa
FN:4,Da
FN:4,(anonymous_109)
FN:4,(anonymous_110)
FN:4,Ma
FN:4,hi
FN:4,_a
FN:4,Na
FN:4,Fa
FN:4,La
FN:4,Ua
FN:4,(anonymous_118)
FN:4,K
FN:4,(anonymous_120)
FN:4,(anonymous_121)
FN:4,(anonymous_122)
FN:4,(anonymous_123)
FN:4,(anonymous_124)
FN:4,(anonymous_125)
FN:4,(anonymous_126)
FN:4,(anonymous_127)
FN:4,(anonymous_128)
FN:4,(anonymous_129)
FN:4,(anonymous_130)
FN:4,(anonymous_131)
FN:4,(anonymous_132)
FN:4,(anonymous_133)
FN:4,(anonymous_134)
FN:4,(anonymous_135)
FN:4,(anonymous_136)
FN:4,(anonymous_137)
FN:4,(anonymous_138)
FN:4,(anonymous_139)
FN:4,(anonymous_140)
FN:4,(anonymous_141)
FN:4,re
FN:4,(anonymous_143)
FN:4,(anonymous_144)
FN:4,(anonymous_145)
FN:4,(anonymous_146)
FN:4,(anonymous_147)
FN:4,(anonymous_148)
FN:4,(anonymous_149)
FN:4,yi
FN:4,wi
FN:4,(anonymous_152)
FN:4,(anonymous_153)
FN:4,(anonymous_154)
FN:4,(anonymous_155)
FN:4,(anonymous_156)
FN:4,(anonymous_157)
FN:4,(anonymous_158)
FN:4,(anonymous_159)
FN:4,(anonymous_160)
FN:4,(anonymous_161)
FN:4,(anonymous_162)
FN:4,Ei
FN:4,bi
FN:4,(anonymous_165)
FN:4,(anonymous_166)
FN:4,xi
FN:4,(anonymous_168)
FN:4,(anonymous_169)
FN:4,(anonymous_170)
FN:4,(anonymous_171)
FN:4,pn
FN:4,(anonymous_173)
FN:4,(anonymous_174)
FN:4,(anonymous_175)
FN:4,(anonymous_176)
FN:4,(anonymous_177)
FN:4,(anonymous_178)
FN:4,(anonymous_179)
FN:4,ui
FN:4,Ba
FN:4,Pi
FN:4,He
FN:4,Pt
FN:4,$a
FN:4,ln
FN:4,Va
FN:4,ja
FN:4,vi
FN:4,lr
FN:4,fe
FN:4,mn
FN:4,(anonymous_193)
FN:4,Se
FN:4,Qa
FN:4,(anonymous_196)
FN:4,Ya
FN:4,gn
FN:4,Za
FN:4,Xa
FN:4,el
FN:4,tl
FN:4,rl
FN:4,nl
FN:4,il
FN:4,ol
FN:4,sl
FN:4,al
FN:4,ll
FN:4,ul
FN:4,cl
FN:4,pl
FN:4,(anonymous_213)
FN:4,(anonymous_214)
FN:4,(anonymous_215)
FN:4,ml
FN:4,(anonymous_217)
FN:4,gl
FN:4,hl
FN:4,yl
FN:4,Qi
FN:4,Ji
FN:4,El
FN:4,(anonymous_224)
FN:4,(anonymous_225)
FN:4,(anonymous_226)
FN:4,(anonymous_227)
FN:4,(anonymous_228)
FN:4,(anonymous_229)
FN:4,(anonymous_230)
FN:4,(anonymous_231)
FN:4,(anonymous_232)
FN:4,(anonymous_233)
FN:4,(anonymous_234)
FN:4,(anonymous_235)
FN:4,(anonymous_236)
FN:4,e
FN:4,(anonymous_238)
FN:4,(anonymous_239)
FN:4,(anonymous_240)
FN:4,(anonymous_241)
FN:4,(anonymous_242)
FN:4,(anonymous_243)
FN:4,(anonymous_244)
FN:4,(anonymous_246)
FN:4,(anonymous_247)
FN:4,Ai
FN:4,(anonymous_249)
FN:4,Ci
FN:4,(anonymous_251)
FN:4,Si
FN:4,(anonymous_253)
FN:4,j
FN:4,(anonymous_255)
FN:4,(anonymous_256)
FN:4,(anonymous_257)
FN:4,(anonymous_258)
FN:4,(anonymous_259)
FN:4,(anonymous_260)
FN:4,(anonymous_261)
FN:4,(anonymous_262)
FN:4,Ha
FN:4,(anonymous_264)
FN:4,(anonymous_265)
FN:4,(anonymous_266)
FN:4,(anonymous_267)
FN:4,(anonymous_268)
FN:4,(anonymous_269)
FN:4,(anonymous_270)
FN:4,za
FN:4,(anonymous_272)
FN:4,Vi
FN:4,Ze
FN:4,Tl
FN:4,Al
FN:4,gr
FN:4,wn
FN:4,(anonymous_279)
FN:4,(anonymous_280)
FN:4,(anonymous_281)
FN:4,(anonymous_282)
FN:4,(anonymous_283)
FN:4,(anonymous_284)
FN:4,(anonymous_285)
FN:4,(anonymous_286)
FN:4,Rl
FN:4,En
FN:4,Sl
FN:4,kl
FN:4,Il
FN:4,Pe
FN:4,bn
FN:4,Xe
FN:4,xn
FN:4,F
FN:4,(anonymous_297)
FN:4,(anonymous_298)
FN:4,(anonymous_299)
FN:4,(anonymous_300)
FN:4,(anonymous_301)
FN:4,(anonymous_302)
FN:4,(anonymous_303)
FN:4,(anonymous_304)
FN:4,(anonymous_305)
FN:4,(anonymous_306)
FN:4,(anonymous_307)
FN:4,(anonymous_308)
FN:4,(anonymous_309)
FN:4,(anonymous_310)
FN:4,(anonymous_311)
FN:4,(anonymous_312)
FN:4,(anonymous_313)
FN:4,(anonymous_314)
FN:4,(anonymous_315)
FN:4,(anonymous_316)
FN:4,(anonymous_317)
FN:4,(anonymous_318)
FN:4,(anonymous_319)
FN:4,(anonymous_320)
FN:4,(anonymous_321)
FN:4,(anonymous_322)
FN:4,(anonymous_323)
FN:4,(anonymous_324)
FN:4,(anonymous_325)
FN:4,(anonymous_326)
FN:4,(anonymous_327)
FN:4,(anonymous_328)
FN:4,(anonymous_329)
FN:4,(anonymous_330)
FN:4,(anonymous_331)
FN:4,(anonymous_332)
FN:4,(anonymous_333)
FN:4,(anonymous_334)
FN:4,(anonymous_335)
FN:4,(anonymous_336)
FN:4,(anonymous_337)
FN:4,(anonymous_338)
FN:4,(anonymous_339)
FN:4,(anonymous_340)
FN:4,(anonymous_341)
FN:4,(anonymous_342)
FN:4,(anonymous_343)
FN:4,(anonymous_344)
FN:4,(anonymous_345)
FN:4,(anonymous_346)
FN:4,(anonymous_347)
FN:4,(anonymous_348)
FN:4,(anonymous_349)
FN:4,(anonymous_350)
FN:4,(anonymous_351)
FN:4,(anonymous_352)
FN:4,(anonymous_353)
FN:4,(anonymous_354)
FN:4,(anonymous_355)
FN:4,(anonymous_356)
FN:4,(anonymous_357)
FN:4,(anonymous_358)
FN:4,(anonymous_359)
FN:4,(anonymous_360)
FN:4,(anonymous_361)
FN:4,(anonymous_362)
FN:4,(anonymous_363)
FN:4,(anonymous_364)
FN:4,(anonymous_365)
FN:4,z
FN:4,ne
FN:4,Ct
FN:4,yr
FN:4,Ll
FN:4,(anonymous_371)
FN:4,e
FN:4,t
FN:4,r
FN:4,(anonymous_375)
FN:4,O
FN:4,he
FN:4,vr
FN:4,xr
FN:4,ge
FN:4,ho
FN:4,Ie
FN:4,yo
FN:4,ao
FN:4,wo
FN:4,An
FN:4,Oe
FN:4,Eo
FN:4,wr
FN:4,Ul
FN:4,Bl
FN:4,tt
FN:4,Tr
FN:4,bo
FN:4,Cn
FN:4,lo
FN:4,ql
FN:4,$l
FN:4,Vl
FN:4,jl
FN:4,Gl
FN:4,Ql
FN:4,Jl
FN:4,Wl
FN:4,Kl
FN:4,Hl
FN:4,zl
FN:4,Yl
FN:4,Zl
FN:4,Xl
FN:4,eu
FN:4,xo
FN:4,i
FN:4,tu
FN:4,ru
FN:4,nu
FN:4,iu
FN:4,uo
FN:4,ou
FN:4,su
FN:4,au
FN:4,lu
FN:4,uu
FN:4,cu
FN:4,pu
FN:4,mu
FN:4,du
FN:4,fu
FN:4,gu
FN:4,hu
FN:4,yu
FN:4,wu
FN:4,Eu
FN:4,bu
FN:4,xu
FN:4,Pu
FN:4,vu
FN:4,Tu
FN:4,Rt
FN:4,Au
FN:4,Cu
FN:4,(anonymous_442)
FN:4,(anonymous_443)
FN:4,(anonymous_444)
FN:4,_e
FN:4,Po
FN:4,St
FN:4,(anonymous_449)
FN:4,Ru
FN:4,Rn
FN:4,rt
FN:4,Ar
FN:4,nt
FN:4,(anonymous_455)
FN:4,(anonymous_456)
FN:4,Su
FN:4,(anonymous_458)
FN:4,(anonymous_459)
FN:4,(anonymous_460)
FN:4,(anonymous_461)
FN:4,(anonymous_462)
FN:4,(anonymous_463)
FN:4,(anonymous_464)
FN:4,(anonymous_465)
FN:4,(anonymous_466)
FN:4,Du
FN:4,Mu
FN:5,_u
FN:5,Rr
FN:5,Co
FN:5,(anonymous_472)
FN:5,Ro
FN:5,(anonymous_474)
FN:5,Nu
FN:5,Fu
FN:5,Lu
FN:5,(anonymous_478)
FN:5,To
FN:5,Ao
FN:5,(anonymous_481)
FN:5,(anonymous_482)
FN:5,(anonymous_483)
FN:5,(anonymous_484)
FN:5,(anonymous_485)
FN:5,(anonymous_486)
FN:5,(anonymous_487)
FN:5,(anonymous_488)
FN:5,(anonymous_489)
FN:5,(anonymous_490)
FN:5,(anonymous_491)
FN:5,(anonymous_492)
FN:5,(anonymous_493)
FN:5,(anonymous_494)
FN:5,(anonymous_495)
FN:6,(anonymous_496)
FN:6,(anonymous_497)
FN:6,(anonymous_498)
FN:6,(anonymous_499)
FN:6,(anonymous_500)
FN:6,(anonymous_501)
FN:6,(anonymous_502)
FN:6,(anonymous_503)
FN:6,(anonymous_504)
FN:6,(anonymous_505)
FN:6,(anonymous_506)
FN:6,(anonymous_507)
FN:6,(anonymous_508)
FN:6,(anonymous_509)
FN:6,(anonymous_511)
FN:6,(anonymous_512)
FN:6,(anonymous_513)
FN:6,(anonymous_514)
FN:6,(anonymous_515)
FN:6,(anonymous_516)
FN:6,(anonymous_517)
FN:6,(anonymous_518)
FN:6,(anonymous_519)
FN:6,(anonymous_520)
FN:6,(anonymous_522)
FN:6,(anonymous_523)
FN:6,(anonymous_524)
FN:6,(anonymous_525)
FN:6,(anonymous_526)
FN:6,(anonymous_527)
FN:6,(anonymous_528)
FN:6,(anonymous_529)
FN:6,(anonymous_530)
FN:6,(anonymous_531)
FN:6,(anonymous_532)
FN:6,(anonymous_533)
FN:6,(anonymous_534)
FN:6,(anonymous_535)
FN:6,(anonymous_536)
FN:6,(anonymous_537)
FN:6,(anonymous_538)
FN:6,(anonymous_539)
FN:6,(anonymous_540)
FN:6,(anonymous_541)
FN:6,(anonymous_542)
FN:6,(anonymous_543)
FN:6,(anonymous_544)
FN:6,(anonymous_546)
FN:6,(anonymous_547)
FN:6,(anonymous_548)
FN:6,(anonymous_549)
FN:6,(anonymous_550)
FN:6,(anonymous_551)
FN:6,(anonymous_552)
FN:6,(anonymous_553)
FN:6,Sr
FN:6,Uu
FN:6,(anonymous_557)
FN:6,Bu
FN:6,(anonymous_559)
FN:7,qu
FN:7,(anonymous_561)
FN:7,$u
FN:7,(anonymous_563)
FN:7,Vu
FN:7,(anonymous_565)
FN:7,ju
FN:7,(anonymous_567)
FN:7,Gu
FN:7,(anonymous_569)
FN:7,Qu
FN:7,(anonymous_571)
FN:7,Ju
FN:7,(anonymous_573)
FN:7,(anonymous_574)
FN:7,Wu
FN:7,(anonymous_576)
FN:7,(anonymous_577)
FN:7,Do
FN:7,Ku
FN:7,(anonymous_580)
FN:7,(anonymous_581)
FN:7,Mo
FN:7,Hu
FN:7,(anonymous_584)
FN:7,(anonymous_585)
FN:7,zu
FN:7,(anonymous_587)
FN:7,(anonymous_588)
FN:7,Yu
FN:7,(anonymous_590)
FN:7,Zu
FN:7,(anonymous_592)
FN:7,(anonymous_593)
FN:7,Xu
FN:7,(anonymous_595)
FN:7,(anonymous_596)
FN:7,_o
FN:7,ec
FN:7,tc
FN:7,rc
FN:7,No
FN:7,Fo
FN:7,lt
FN:7,Ot
FN:7,Dr
FN:7,ic
FN:7,(anonymous_607)
FN:7,(anonymous_608)
FN:7,ut
FN:7,(anonymous_610)
FN:7,(anonymous_611)
FN:7,(anonymous_612)
FN:7,(anonymous_613)
FN:7,Dn
FN:7,(anonymous_615)
FN:7,(anonymous_616)
FN:7,(anonymous_617)
FN:7,(anonymous_618)
FN:7,(anonymous_619)
FN:7,(anonymous_620)
FN:7,(anonymous_621)
FN:7,(anonymous_622)
FN:7,(anonymous_623)
FN:8,ct
FN:8,Uo
FN:8,Bo
FN:8,oc
FN:8,Nr
FN:8,Fr
FN:8,Ee
FN:8,(anonymous_631)
FN:8,$o
FN:8,sc
FN:8,(anonymous_634)
FN:8,(anonymous_635)
FN:8,(anonymous_636)
FN:8,(anonymous_637)
FN:8,qo
FN:8,(anonymous_639)
FN:8,(anonymous_640)
FN:8,ac
FN:8,(anonymous_642)
FN:8,Vo
FN:8,jo
FN:8,(anonymous_645)
FN:8,(anonymous_646)
FN:8,(anonymous_647)
FN:8,(anonymous_648)
FN:8,(anonymous_649)
FN:8,(anonymous_650)
FN:8,(anonymous_651)
FN:8,(anonymous_652)
FN:8,(anonymous_653)
FN:8,(anonymous_654)
FN:8,(anonymous_655)
FN:8,(anonymous_656)
FN:8,(anonymous_657)
FN:8,(anonymous_658)
FN:8,(anonymous_659)
FN:8,(anonymous_660)
FN:8,(anonymous_661)
FN:8,(anonymous_662)
FN:8,(anonymous_663)
FN:8,(anonymous_664)
FN:8,(anonymous_665)
FN:8,(anonymous_666)
FN:8,Go
FN:8,lc
FN:8,(anonymous_669)
FN:8,(anonymous_670)
FN:8,be
FN:8,Fn
FN:8,Ut
FN:8,cc
FN:8,pc
FN:8,mc
FN:8,dc
FN:8,fc
FN:8,Wo
FN:8,Ko
FN:8,gc
FN:8,hc
FN:8,yc
FN:8,Ln
FN:8,(anonymous_685)
FN:8,(anonymous_686)
FN:8,(anonymous_687)
FN:8,(anonymous_688)
FN:8,(anonymous_689)
FN:8,(anonymous_690)
FN:8,(anonymous_691)
FN:8,(anonymous_692)
FN:8,(anonymous_693)
FN:8,(anonymous_694)
FN:8,(anonymous_695)
FN:8,(anonymous_696)
FN:8,(anonymous_697)
FN:8,(anonymous_698)
FN:8,(anonymous_699)
FN:8,(anonymous_700)
FN:8,Ho
FN:8,(anonymous_702)
FN:8,(anonymous_703)
FN:8,(anonymous_704)
FN:8,wc
FN:8,(anonymous_706)
FN:8,(anonymous_707)
FN:8,Ec
FN:8,Un
FN:8,(anonymous_710)
FN:8,(anonymous_711)
FN:8,(anonymous_712)
FN:8,(anonymous_713)
FN:8,bc
FN:8,(anonymous_715)
FN:8,qr
FN:8,(anonymous_717)
FN:8,(anonymous_718)
FN:8,(anonymous_719)
FN:8,(anonymous_720)
FN:8,(anonymous_721)
FN:8,(anonymous_722)
FN:8,xc
FN:8,Yo
FN:8,Zo
FN:8,$t
FN:8,(anonymous_727)
FN:8,(anonymous_728)
FN:8,te
FN:8,(anonymous_730)
FN:8,(anonymous_731)
FN:8,$e
FN:8,(anonymous_733)
FN:8,(anonymous_734)
FN:8,(anonymous_735)
FN:8,(anonymous_736)
FN:8,jr
FN:8,(anonymous_738)
FN:8,(anonymous_739)
FN:8,(anonymous_740)
FN:8,(anonymous_741)
FN:8,(anonymous_742)
FN:8,me
FN:8,(anonymous_744)
FN:8,(anonymous_745)
FN:8,(anonymous_746)
FN:8,(anonymous_747)
FN:8,(anonymous_748)
FN:8,(anonymous_749)
FN:8,(anonymous_750)
FN:8,(anonymous_751)
FN:8,vc
FN:8,es
FN:8,(anonymous_754)
FN:8,mt
FN:8,(anonymous_756)
FN:8,(anonymous_757)
FN:8,(anonymous_758)
FN:8,Gr
FN:8,ts
FN:8,Qr
FN:8,Ac
FN:9,(anonymous_763)
FN:9,Fe
FN:9,dt
FN:9,(anonymous_766)
FN:9,Rc
FN:9,Jr
FN:9,(anonymous_769)
FN:9,ns
FN:9,Sc
FN:9,kc
FN:9,(anonymous_773)
FN:9,(anonymous_774)
FN:9,is
FN:9,Ic
FN:9,Oc
FN:9,(anonymous_778)
FN:9,(anonymous_779)
FN:9,os
FN:9,ss
FN:9,(anonymous_782)
FN:9,(anonymous_783)
FN:9,(anonymous_784)
FN:9,as
FN:9,(anonymous_786)
FN:9,(anonymous_787)
FN:9,(anonymous_788)
FN:9,(anonymous_789)
FN:9,(anonymous_790)
FN:9,(anonymous_791)
FN:9,(anonymous_792)
FN:9,Dc
FN:9,Mc
FN:9,Vn
FN:9,(anonymous_796)
FN:9,(anonymous_797)
FN:9,(anonymous_798)
FN:9,_c
FN:9,(anonymous_800)
FN:9,(anonymous_801)
FN:9,jn
FN:9,(anonymous_803)
FN:9,(anonymous_804)
FN:9,(anonymous_805)
FN:9,Lc
FN:9,(anonymous_807)
FN:9,(anonymous_808)
FN:9,(anonymous_809)
FN:9,(anonymous_810)
FN:9,(anonymous_811)
FN:9,Uc
FN:9,Bc
FN:9,(anonymous_814)
FN:9,cs
FN:9,(anonymous_816)
FN:9,Vt
FN:9,(anonymous_818)
FN:9,(anonymous_819)
FN:9,qc
FN:9,(anonymous_821)
FN:9,(anonymous_822)
FN:9,$c
FN:9,(anonymous_824)
FN:9,(anonymous_825)
FN:9,(anonymous_826)
FN:9,ps
FN:9,ms
FN:9,ds
FN:9,(anonymous_830)
FN:9,(anonymous_831)
FN:9,Vc
FN:9,(anonymous_833)
FN:9,jc
FN:9,(anonymous_835)
FN:9,Wr
FN:9,fs
FN:9,(anonymous_838)
FN:9,gs
FN:9,(anonymous_840)
FN:9,ys
FN:9,Qc
FN:9,Jc
FN:9,jt
FN:9,Es
FN:9,(anonymous_846)
FN:9,(anonymous_847)
FN:9,bs
FN:9,xs
FN:9,(anonymous_850)
FN:9,Ps
FN:9,(anonymous_852)
FN:9,(anonymous_853)
FN:9,(anonymous_854)
FN:9,vs
FN:9,(anonymous_856)
FN:9,Cs
FN:11,Rs
FN:11,(anonymous_859)
FN:11,(anonymous_860)
FN:11,(anonymous_861)
FN:11,(anonymous_862)
FN:11,(anonymous_863)
FN:11,(anonymous_864)
FN:11,Xc
FN:11,(anonymous_866)
FN:11,Qn
FN:11,ft
FN:14,(anonymous_869)
FN:14,(anonymous_870)
FN:14,(anonymous_871)
FN:14,U
FN:14,(anonymous_873)
FN:14,ks
FN:14,(anonymous_875)
FN:14,(anonymous_876)
FN:14,rp
FN:14,Jn
FN:14,(anonymous_879)
FN:14,(anonymous_880)
FN:14,(anonymous_881)
FN:14,(anonymous_882)
FN:14,(anonymous_883)
FN:14,(anonymous_884)
FN:14,(anonymous_885)
FN:14,(anonymous_886)
FN:14,(anonymous_887)
FN:14,(anonymous_888)
FN:14,(anonymous_889)
FN:14,(anonymous_890)
FN:14,(anonymous_891)
FN:14,(anonymous_892)
FN:14,(anonymous_893)
FN:14,op
FN:14,er
FN:14,yt
FN:14,Os
FN:14,(anonymous_898)
FN:14,(anonymous_899)
FN:14,Ds
FN:14,Ms
FN:14,(anonymous_902)
FN:14,(anonymous_903)
FN:15,Qe
FN:15,(anonymous_905)
FN:15,lp
FN:15,Fs
FN:15,up
FN:15,(anonymous_909)
FN:15,(anonymous_910)
FN:15,(anonymous_911)
FN:15,(anonymous_912)
FN:15,(anonymous_913)
FN:15,(anonymous_914)
FN:15,(anonymous_915)
FN:15,(anonymous_916)
FN:15,(anonymous_917)
FN:15,(anonymous_918)
FN:15,(anonymous_919)
FN:15,(anonymous_920)
FN:15,(anonymous_921)
FN:15,(anonymous_922)
FN:15,(anonymous_923)
FN:15,(anonymous_924)
FN:15,(anonymous_925)
FN:15,(anonymous_926)
FN:15,(anonymous_927)
FN:15,(anonymous_928)
FN:15,(anonymous_929)
FN:15,(anonymous_930)
FN:15,(anonymous_931)
FN:15,(anonymous_932)
FN:15,(anonymous_933)
FN:15,(anonymous_934)
FN:15,Us
FN:15,(anonymous_936)
FN:15,(anonymous_937)
FN:16,C
FN:16,Bs
FN:16,zr
FN:16,(anonymous_941)
FN:16,(anonymous_942)
FN:16,(anonymous_943)
FN:16,Et
FN:16,Vs
FN:16,(anonymous_946)
FN:16,Gs
FN:16,(anonymous_948)
FN:16,cp
FN:16,Qs
FN:16,js
FN:16,Xn
FN:23,(anonymous_953)
FN:23,(anonymous_954)
FN:23,(anonymous_955)
FN:23,(anonymous_956)
FN:23,(anonymous_957)
FN:23,(anonymous_958)
FN:23,ti
FN:23,(anonymous_960)
FN:23,(anonymous_961)
FN:23,(anonymous_962)
FN:23,(anonymous_963)
FN:23,(anonymous_964)
FN:23,(anonymous_965)
FN:23,(anonymous_966)
FN:23,Hs
FN:23,(anonymous_968)
FN:23,(anonymous_969)
FN:23,(anonymous_970)
FN:23,(anonymous_971)
FN:23,(anonymous_972)
FN:23,(anonymous_973)
FN:23,(anonymous_974)
FN:23,(anonymous_975)
FN:23,(anonymous_976)
FN:23,(anonymous_977)
FN:23,(anonymous_978)
FN:23,zs
FN:23,Ys
FN:23,(anonymous_981)
FN:23,(anonymous_982)
FN:23,(anonymous_983)
FN:23,Zs
FN:23,(anonymous_985)
FN:23,(anonymous_986)
FN:23,(anonymous_987)
FN:23,(anonymous_988)
FN:23,(anonymous_989)
FN:23,Zr
FN:23,Xs
FN:23,ni
FN:23,(anonymous_994)
FN:23,ii
FN:23,(anonymous_996)
FN:23,(anonymous_997)
FN:23,(anonymous_998)
FN:23,(anonymous_999)
FN:23,(anonymous_1000)
FN:23,(anonymous_1001)
FN:23,(anonymous_1002)
FN:23,(anonymous_1003)
FN:23,(anonymous_1004)
FN:23,(anonymous_1005)
FN:23,(anonymous_1006)
FN:23,(anonymous_1007)
FN:23,Je
FN:23,(anonymous_1009)
FN:23,(anonymous_1010)
FN:23,(anonymous_1011)
FN:23,(anonymous_1012)
FN:23,(anonymous_1013)
FN:23,(anonymous_1014)
FN:23,oi
FN:23,gp
FN:23,(anonymous_1017)
FN:23,(anonymous_1018)
FN:23,(anonymous_1019)
FN:23,(anonymous_1020)
FN:23,(anonymous_1021)
FN:23,(anonymous_1022)
FN:23,(anonymous_1023)
FN:23,(anonymous_1024)
FN:23,(anonymous_1025)
FN:23,(anonymous_1026)
FN:23,(anonymous_1027)
FN:23,(anonymous_1028)
FN:23,(anonymous_1029)
FN:23,(anonymous_1030)
FN:23,(anonymous_1031)
FN:23,(anonymous_1032)
FN:23,yp
FN:23,ta
FN:23,wp
FN:23,Ep
FN:23,ra
FN:23,(anonymous_1038)
FN:24,(anonymous_1039)
FN:24,(anonymous_1040)
FN:27,(anonymous_1041)
FN:27,(anonymous_1042)
FN:28,(anonymous_1043)
FN:28,(anonymous_1044)
FN:28,t
FN:28,(anonymous_1046)
FN:28,(anonymous_1047)
FN:28,(anonymous_1048)
FN:28,(anonymous_1049)
FN:28,(anonymous_1050)
FN:28,ua
FN:28,bt
FN:28,xp
FN:28,(anonymous_1054)
FN:28,(anonymous_1055)
FN:28,Pp
FN:28,aa
FN:28,(anonymous_1058)
FN:28,vp
FN:28,(anonymous_1060)
FN:28,(anonymous_1061)
FN:28,(anonymous_1062)
FN:28,(anonymous_1063)
FN:32,ca
FN:32,(anonymous_1065)
FN:32,(anonymous_1066)
FN:32,(anonymous_1067)
FN:32,(anonymous_1068)
FN:32,(anonymous_1069)
FN:32,(anonymous_1070)
FN:32,(anonymous_1071)
FN:32,(anonymous_1072)
FN:32,Rp
FN:32,(anonymous_1074)
FN:32,(anonymous_1075)
FN:32,(anonymous_1076)
FN:32,(anonymous_1077)
FN:32,(anonymous_1078)
FN:32,(anonymous_1079)
FN:32,(anonymous_1080)
FN:32,(anonymous_1081)
FN:32,(anonymous_1082)
FN:32,(anonymous_1083)
FN:32,(anonymous_1084)
FN:32,(anonymous_1085)
FN:32,(anonymous_1086)
FN:32,(anonymous_1087)
FN:32,(anonymous_1088)
FN:32,(anonymous_1089)
FN:32,(anonymous_1090)
FN:32,(anonymous_1091)
FN:32,(anonymous_1092)
FN:32,(anonymous_1093)
FN:32,(anonymous_1094)
FN:32,(anonymous_1095)
FN:32,(anonymous_1096)
FN:32,(anonymous_1097)
FN:32,(anonymous_1098)
FN:32,(anonymous_1099)
FN:32,(anonymous_1100)
FN:32,(anonymous_1101)
FN:32,(anonymous_1102)
FN:32,(anonymous_1103)
FN:32,(anonymous_1104)
FN:32,(anonymous_1105)
FN:32,(anonymous_1106)
FN:32,(anonymous_1107)
FN:32,(anonymous_1108)
FN:32,(anonymous_1109)
FN:32,(anonymous_1110)
FN:32,(anonymous_1111)
FN:32,(anonymous_1112)
FN:32,(anonymous_1113)
FN:32,(anonymous_1114)
FN:32,(anonymous_1115)
FN:33,(anonymous_1116)
FN:33,(anonymous_1117)
FN:33,pa
FN:33,Sp
FN:33,Ip
FN:33,(anonymous_1121)
FNF:1084
FNH:0
FNDA:0,(anonymous_31)
FNDA:0,(anonymous_32)
FNDA:0,(anonymous_33)
FNDA:0,(anonymous_34)
FNDA:0,(anonymous_35)
FNDA:0,(anonymous_36)
FNDA:0,(anonymous_37)
FNDA:0,(anonymous_38)
FNDA:0,(anonymous_39)
FNDA:0,(anonymous_40)
FNDA:0,(anonymous_41)
FNDA:0,(anonymous_42)
FNDA:0,(anonymous_43)
FNDA:0,(anonymous_44)
FNDA:0,(anonymous_45)
FNDA:0,(anonymous_46)
FNDA:0,(anonymous_47)
FNDA:0,(anonymous_48)
FNDA:0,(anonymous_49)
FNDA:0,(anonymous_50)
FNDA:0,(anonymous_51)
FNDA:0,(anonymous_52)
FNDA:0,a
FNDA:0,l
FNDA:0,f
FNDA:0,g
FNDA:0,h
FNDA:0,T
FNDA:0,k
FNDA:0,(anonymous_60)
FNDA:0,(anonymous_61)
FNDA:0,(anonymous_62)
FNDA:0,xa
FNDA:0,(anonymous_64)
FNDA:0,(anonymous_65)
FNDA:0,(anonymous_66)
FNDA:0,xe
FNDA:0,A
FNDA:0,pi
FNDA:0,(anonymous_70)
FNDA:0,mi
FNDA:0,Pa
FNDA:0,(anonymous_73)
FNDA:0,un
FNDA:0,(anonymous_75)
FNDA:0,(anonymous_76)
FNDA:0,va
FNDA:0,an
FNDA:0,Ta
FNDA:0,di
FNDA:0,Aa
FNDA:0,cn
FNDA:0,Ca
FNDA:0,(anonymous_84)
FNDA:0,(anonymous_85)
FNDA:0,(anonymous_86)
FNDA:0,(anonymous_87)
FNDA:0,fi
FNDA:0,Ra
FNDA:0,Be
FNDA:0,(anonymous_91)
FNDA:0,(anonymous_92)
FNDA:0,(anonymous_93)
FNDA:0,(anonymous_94)
FNDA:0,(anonymous_95)
FNDA:0,(anonymous_96)
FNDA:0,(anonymous_97)
FNDA:0,gi
FNDA:0,ai
FNDA:0,l
FNDA:0,(anonymous_101)
FNDA:0,(anonymous_102)
FNDA:0,(anonymous_103)
FNDA:0,Sa
FNDA:0,ka
FNDA:0,Ia
FNDA:0,Oa
FNDA:0,Da
FNDA:0,(anonymous_109)
FNDA:0,(anonymous_110)
FNDA:0,Ma
FNDA:0,hi
FNDA:0,_a
FNDA:0,Na
FNDA:0,Fa
FNDA:0,La
FNDA:0,Ua
FNDA:0,(anonymous_118)
FNDA:0,K
FNDA:0,(anonymous_120)
FNDA:0,(anonymous_121)
FNDA:0,(anonymous_122)
FNDA:0,(anonymous_123)
FNDA:0,(anonymous_124)
FNDA:0,(anonymous_125)
FNDA:0,(anonymous_126)
FNDA:0,(anonymous_127)
FNDA:0,(anonymous_128)
FNDA:0,(anonymous_129)
FNDA:0,(anonymous_130)
FNDA:0,(anonymous_131)
FNDA:0,(anonymous_132)
FNDA:0,(anonymous_133)
FNDA:0,(anonymous_134)
FNDA:0,(anonymous_135)
FNDA:0,(anonymous_136)
FNDA:0,(anonymous_137)
FNDA:0,(anonymous_138)
FNDA:0,(anonymous_139)
FNDA:0,(anonymous_140)
FNDA:0,(anonymous_141)
FNDA:0,re
FNDA:0,(anonymous_143)
FNDA:0,(anonymous_144)
FNDA:0,(anonymous_145)
FNDA:0,(anonymous_146)
FNDA:0,(anonymous_147)
FNDA:0,(anonymous_148)
FNDA:0,(anonymous_149)
FNDA:0,yi
FNDA:0,wi
FNDA:0,(anonymous_152)
FNDA:0,(anonymous_153)
FNDA:0,(anonymous_154)
FNDA:0,(anonymous_155)
FNDA:0,(anonymous_156)
FNDA:0,(anonymous_157)
FNDA:0,(anonymous_158)
FNDA:0,(anonymous_159)
FNDA:0,(anonymous_160)
FNDA:0,(anonymous_161)
FNDA:0,(anonymous_162)
FNDA:0,Ei
FNDA:0,bi
FNDA:0,(anonymous_165)
FNDA:0,(anonymous_166)
FNDA:0,xi
FNDA:0,(anonymous_168)
FNDA:0,(anonymous_169)
FNDA:0,(anonymous_170)
FNDA:0,(anonymous_171)
FNDA:0,pn
FNDA:0,(anonymous_173)
FNDA:0,(anonymous_174)
FNDA:0,(anonymous_175)
FNDA:0,(anonymous_176)
FNDA:0,(anonymous_177)
FNDA:0,(anonymous_178)
FNDA:0,(anonymous_179)
FNDA:0,ui
FNDA:0,Ba
FNDA:0,Pi
FNDA:0,He
FNDA:0,Pt
FNDA:0,$a
FNDA:0,ln
FNDA:0,Va
FNDA:0,ja
FNDA:0,vi
FNDA:0,lr
FNDA:0,fe
FNDA:0,mn
FNDA:0,(anonymous_193)
FNDA:0,Se
FNDA:0,Qa
FNDA:0,(anonymous_196)
FNDA:0,Ya
FNDA:0,gn
FNDA:0,Za
FNDA:0,Xa
FNDA:0,el
FNDA:0,tl
FNDA:0,rl
FNDA:0,nl
FNDA:0,il
FNDA:0,ol
FNDA:0,sl
FNDA:0,al
FNDA:0,ll
FNDA:0,ul
FNDA:0,cl
FNDA:0,pl
FNDA:0,(anonymous_213)
FNDA:0,(anonymous_214)
FNDA:0,(anonymous_215)
FNDA:0,ml
FNDA:0,(anonymous_217)
FNDA:0,gl
FNDA:0,hl
FNDA:0,yl
FNDA:0,Qi
FNDA:0,Ji
FNDA:0,El
FNDA:0,(anonymous_224)
FNDA:0,(anonymous_225)
FNDA:0,(anonymous_226)
FNDA:0,(anonymous_227)
FNDA:0,(anonymous_228)
FNDA:0,(anonymous_229)
FNDA:0,(anonymous_230)
FNDA:0,(anonymous_231)
FNDA:0,(anonymous_232)
FNDA:0,(anonymous_233)
FNDA:0,(anonymous_234)
FNDA:0,(anonymous_235)
FNDA:0,(anonymous_236)
FNDA:0,e
FNDA:0,(anonymous_238)
FNDA:0,(anonymous_239)
FNDA:0,(anonymous_240)
FNDA:0,(anonymous_241)
FNDA:0,(anonymous_242)
FNDA:0,(anonymous_243)
FNDA:0,(anonymous_244)
FNDA:0,(anonymous_246)
FNDA:0,(anonymous_247)
FNDA:0,Ai
FNDA:0,(anonymous_249)
FNDA:0,Ci
FNDA:0,(anonymous_251)
FNDA:0,Si
FNDA:0,(anonymous_253)
FNDA:0,j
FNDA:0,(anonymous_255)
FNDA:0,(anonymous_256)
FNDA:0,(anonymous_257)
FNDA:0,(anonymous_258)
FNDA:0,(anonymous_259)
FNDA:0,(anonymous_260)
FNDA:0,(anonymous_261)
FNDA:0,(anonymous_262)
FNDA:0,Ha
FNDA:0,(anonymous_264)
FNDA:0,(anonymous_265)
FNDA:0,(anonymous_266)
FNDA:0,(anonymous_267)
FNDA:0,(anonymous_268)
FNDA:0,(anonymous_269)
FNDA:0,(anonymous_270)
FNDA:0,za
FNDA:0,(anonymous_272)
FNDA:0,Vi
FNDA:0,Ze
FNDA:0,Tl
FNDA:0,Al
FNDA:0,gr
FNDA:0,wn
FNDA:0,(anonymous_279)
FNDA:0,(anonymous_280)
FNDA:0,(anonymous_281)
FNDA:0,(anonymous_282)
FNDA:0,(anonymous_283)
FNDA:0,(anonymous_284)
FNDA:0,(anonymous_285)
FNDA:0,(anonymous_286)
FNDA:0,Rl
FNDA:0,En
FNDA:0,Sl
FNDA:0,kl
FNDA:0,Il
FNDA:0,Pe
FNDA:0,bn
FNDA:0,Xe
FNDA:0,xn
FNDA:0,F
FNDA:0,(anonymous_297)
FNDA:0,(anonymous_298)
FNDA:0,(anonymous_299)
FNDA:0,(anonymous_300)
FNDA:0,(anonymous_301)
FNDA:0,(anonymous_302)
FNDA:0,(anonymous_303)
FNDA:0,(anonymous_304)
FNDA:0,(anonymous_305)
FNDA:0,(anonymous_306)
FNDA:0,(anonymous_307)
FNDA:0,(anonymous_308)
FNDA:0,(anonymous_309)
FNDA:0,(anonymous_310)
FNDA:0,(anonymous_311)
FNDA:0,(anonymous_312)
FNDA:0,(anonymous_313)
FNDA:0,(anonymous_314)
FNDA:0,(anonymous_315)
FNDA:0,(anonymous_316)
FNDA:0,(anonymous_317)
FNDA:0,(anonymous_318)
FNDA:0,(anonymous_319)
FNDA:0,(anonymous_320)
FNDA:0,(anonymous_321)
FNDA:0,(anonymous_322)
FNDA:0,(anonymous_323)
FNDA:0,(anonymous_324)
FNDA:0,(anonymous_325)
FNDA:0,(anonymous_326)
FNDA:0,(anonymous_327)
FNDA:0,(anonymous_328)
FNDA:0,(anonymous_329)
FNDA:0,(anonymous_330)
FNDA:0,(anonymous_331)
FNDA:0,(anonymous_332)
FNDA:0,(anonymous_333)
FNDA:0,(anonymous_334)
FNDA:0,(anonymous_335)
FNDA:0,(anonymous_336)
FNDA:0,(anonymous_337)
FNDA:0,(anonymous_338)
FNDA:0,(anonymous_339)
FNDA:0,(anonymous_340)
FNDA:0,(anonymous_341)
FNDA:0,(anonymous_342)
FNDA:0,(anonymous_343)
FNDA:0,(anonymous_344)
FNDA:0,(anonymous_345)
FNDA:0,(anonymous_346)
FNDA:0,(anonymous_347)
FNDA:0,(anonymous_348)
FNDA:0,(anonymous_349)
FNDA:0,(anonymous_350)
FNDA:0,(anonymous_351)
FNDA:0,(anonymous_352)
FNDA:0,(anonymous_353)
FNDA:0,(anonymous_354)
FNDA:0,(anonymous_355)
FNDA:0,(anonymous_356)
FNDA:0,(anonymous_357)
FNDA:0,(anonymous_358)
FNDA:0,(anonymous_359)
FNDA:0,(anonymous_360)
FNDA:0,(anonymous_361)
FNDA:0,(anonymous_362)
FNDA:0,(anonymous_363)
FNDA:0,(anonymous_364)
FNDA:0,(anonymous_365)
FNDA:0,z
FNDA:0,ne
FNDA:0,Ct
FNDA:0,yr
FNDA:0,Ll
FNDA:0,(anonymous_371)
FNDA:0,e
FNDA:0,t
FNDA:0,r
FNDA:0,(anonymous_375)
FNDA:0,O
FNDA:0,he
FNDA:0,vr
FNDA:0,xr
FNDA:0,ge
FNDA:0,ho
FNDA:0,Ie
FNDA:0,yo
FNDA:0,ao
FNDA:0,wo
FNDA:0,An
FNDA:0,Oe
FNDA:0,Eo
FNDA:0,wr
FNDA:0,Ul
FNDA:0,Bl
FNDA:0,tt
FNDA:0,Tr
FNDA:0,bo
FNDA:0,Cn
FNDA:0,lo
FNDA:0,ql
FNDA:0,$l
FNDA:0,Vl
FNDA:0,jl
FNDA:0,Gl
FNDA:0,Ql
FNDA:0,Jl
FNDA:0,Wl
FNDA:0,Kl
FNDA:0,Hl
FNDA:0,zl
FNDA:0,Yl
FNDA:0,Zl
FNDA:0,Xl
FNDA:0,eu
FNDA:0,xo
FNDA:0,i
FNDA:0,tu
FNDA:0,ru
FNDA:0,nu
FNDA:0,iu
FNDA:0,uo
FNDA:0,ou
FNDA:0,su
FNDA:0,au
FNDA:0,lu
FNDA:0,uu
FNDA:0,cu
FNDA:0,pu
FNDA:0,mu
FNDA:0,du
FNDA:0,fu
FNDA:0,gu
FNDA:0,hu
FNDA:0,yu
FNDA:0,wu
FNDA:0,Eu
FNDA:0,bu
FNDA:0,xu
FNDA:0,Pu
FNDA:0,vu
FNDA:0,Tu
FNDA:0,Rt
FNDA:0,Au
FNDA:0,Cu
FNDA:0,(anonymous_442)
FNDA:0,(anonymous_443)
FNDA:0,(anonymous_444)
FNDA:0,_e
FNDA:0,Po
FNDA:0,St
FNDA:0,(anonymous_449)
FNDA:0,Ru
FNDA:0,Rn
FNDA:0,rt
FNDA:0,Ar
FNDA:0,nt
FNDA:0,(anonymous_455)
FNDA:0,(anonymous_456)
FNDA:0,Su
FNDA:0,(anonymous_458)
FNDA:0,(anonymous_459)
FNDA:0,(anonymous_460)
FNDA:0,(anonymous_461)
FNDA:0,(anonymous_462)
FNDA:0,(anonymous_463)
FNDA:0,(anonymous_464)
FNDA:0,(anonymous_465)
FNDA:0,(anonymous_466)
FNDA:0,Du
FNDA:0,Mu
FNDA:0,_u
FNDA:0,Rr
FNDA:0,Co
FNDA:0,(anonymous_472)
FNDA:0,Ro
FNDA:0,(anonymous_474)
FNDA:0,Nu
FNDA:0,Fu
FNDA:0,Lu
FNDA:0,(anonymous_478)
FNDA:0,To
FNDA:0,Ao
FNDA:0,(anonymous_481)
FNDA:0,(anonymous_482)
FNDA:0,(anonymous_483)
FNDA:0,(anonymous_484)
FNDA:0,(anonymous_485)
FNDA:0,(anonymous_486)
FNDA:0,(anonymous_487)
FNDA:0,(anonymous_488)
FNDA:0,(anonymous_489)
FNDA:0,(anonymous_490)
FNDA:0,(anonymous_491)
FNDA:0,(anonymous_492)
FNDA:0,(anonymous_493)
FNDA:0,(anonymous_494)
FNDA:0,(anonymous_495)
FNDA:0,(anonymous_496)
FNDA:0,(anonymous_497)
FNDA:0,(anonymous_498)
FNDA:0,(anonymous_499)
FNDA:0,(anonymous_500)
FNDA:0,(anonymous_501)
FNDA:0,(anonymous_502)
FNDA:0,(anonymous_503)
FNDA:0,(anonymous_504)
FNDA:0,(anonymous_505)
FNDA:0,(anonymous_506)
FNDA:0,(anonymous_507)
FNDA:0,(anonymous_508)
FNDA:0,(anonymous_509)
FNDA:0,(anonymous_511)
FNDA:0,(anonymous_512)
FNDA:0,(anonymous_513)
FNDA:0,(anonymous_514)
FNDA:0,(anonymous_515)
FNDA:0,(anonymous_516)
FNDA:0,(anonymous_517)
FNDA:0,(anonymous_518)
FNDA:0,(anonymous_519)
FNDA:0,(anonymous_520)
FNDA:0,(anonymous_522)
FNDA:0,(anonymous_523)
FNDA:0,(anonymous_524)
FNDA:0,(anonymous_525)
FNDA:0,(anonymous_526)
FNDA:0,(anonymous_527)
FNDA:0,(anonymous_528)
FNDA:0,(anonymous_529)
FNDA:0,(anonymous_530)
FNDA:0,(anonymous_531)
FNDA:0,(anonymous_532)
FNDA:0,(anonymous_533)
FNDA:0,(anonymous_534)
FNDA:0,(anonymous_535)
FNDA:0,(anonymous_536)
FNDA:0,(anonymous_537)
FNDA:0,(anonymous_538)
FNDA:0,(anonymous_539)
FNDA:0,(anonymous_540)
FNDA:0,(anonymous_541)
FNDA:0,(anonymous_542)
FNDA:0,(anonymous_543)
FNDA:0,(anonymous_544)
FNDA:0,(anonymous_546)
FNDA:0,(anonymous_547)
FNDA:0,(anonymous_548)
FNDA:0,(anonymous_549)
FNDA:0,(anonymous_550)
FNDA:0,(anonymous_551)
FNDA:0,(anonymous_552)
FNDA:0,(anonymous_553)
FNDA:0,Sr
FNDA:0,Uu
FNDA:0,(anonymous_557)
FNDA:0,Bu
FNDA:0,(anonymous_559)
FNDA:0,qu
FNDA:0,(anonymous_561)
FNDA:0,$u
FNDA:0,(anonymous_563)
FNDA:0,Vu
FNDA:0,(anonymous_565)
FNDA:0,ju
FNDA:0,(anonymous_567)
FNDA:0,Gu
FNDA:0,(anonymous_569)
FNDA:0,Qu
FNDA:0,(anonymous_571)
FNDA:0,Ju
FNDA:0,(anonymous_573)
FNDA:0,(anonymous_574)
FNDA:0,Wu
FNDA:0,(anonymous_576)
FNDA:0,(anonymous_577)
FNDA:0,Do
FNDA:0,Ku
FNDA:0,(anonymous_580)
FNDA:0,(anonymous_581)
FNDA:0,Mo
FNDA:0,Hu
FNDA:0,(anonymous_584)
FNDA:0,(anonymous_585)
FNDA:0,zu
FNDA:0,(anonymous_587)
FNDA:0,(anonymous_588)
FNDA:0,Yu
FNDA:0,(anonymous_590)
FNDA:0,Zu
FNDA:0,(anonymous_592)
FNDA:0,(anonymous_593)
FNDA:0,Xu
FNDA:0,(anonymous_595)
FNDA:0,(anonymous_596)
FNDA:0,_o
FNDA:0,ec
FNDA:0,tc
FNDA:0,rc
FNDA:0,No
FNDA:0,Fo
FNDA:0,lt
FNDA:0,Ot
FNDA:0,Dr
FNDA:0,ic
FNDA:0,(anonymous_607)
FNDA:0,(anonymous_608)
FNDA:0,ut
FNDA:0,(anonymous_610)
FNDA:0,(anonymous_611)
FNDA:0,(anonymous_612)
FNDA:0,(anonymous_613)
FNDA:0,Dn
FNDA:0,(anonymous_615)
FNDA:0,(anonymous_616)
FNDA:0,(anonymous_617)
FNDA:0,(anonymous_618)
FNDA:0,(anonymous_619)
FNDA:0,(anonymous_620)
FNDA:0,(anonymous_621)
FNDA:0,(anonymous_622)
FNDA:0,(anonymous_623)
FNDA:0,ct
FNDA:0,Uo
FNDA:0,Bo
FNDA:0,oc
FNDA:0,Nr
FNDA:0,Fr
FNDA:0,Ee
FNDA:0,(anonymous_631)
FNDA:0,$o
FNDA:0,sc
FNDA:0,(anonymous_634)
FNDA:0,(anonymous_635)
FNDA:0,(anonymous_636)
FNDA:0,(anonymous_637)
FNDA:0,qo
FNDA:0,(anonymous_639)
FNDA:0,(anonymous_640)
FNDA:0,ac
FNDA:0,(anonymous_642)
FNDA:0,Vo
FNDA:0,jo
FNDA:0,(anonymous_645)
FNDA:0,(anonymous_646)
FNDA:0,(anonymous_647)
FNDA:0,(anonymous_648)
FNDA:0,(anonymous_649)
FNDA:0,(anonymous_650)
FNDA:0,(anonymous_651)
FNDA:0,(anonymous_652)
FNDA:0,(anonymous_653)
FNDA:0,(anonymous_654)
FNDA:0,(anonymous_655)
FNDA:0,(anonymous_656)
FNDA:0,(anonymous_657)
FNDA:0,(anonymous_658)
FNDA:0,(anonymous_659)
FNDA:0,(anonymous_660)
FNDA:0,(anonymous_661)
FNDA:0,(anonymous_662)
FNDA:0,(anonymous_663)
FNDA:0,(anonymous_664)
FNDA:0,(anonymous_665)
FNDA:0,(anonymous_666)
FNDA:0,Go
FNDA:0,lc
FNDA:0,(anonymous_669)
FNDA:0,(anonymous_670)
FNDA:0,be
FNDA:0,Fn
FNDA:0,Ut
FNDA:0,cc
FNDA:0,pc
FNDA:0,mc
FNDA:0,dc
FNDA:0,fc
FNDA:0,Wo
FNDA:0,Ko
FNDA:0,gc
FNDA:0,hc
FNDA:0,yc
FNDA:0,Ln
FNDA:0,(anonymous_685)
FNDA:0,(anonymous_686)
FNDA:0,(anonymous_687)
FNDA:0,(anonymous_688)
FNDA:0,(anonymous_689)
FNDA:0,(anonymous_690)
FNDA:0,(anonymous_691)
FNDA:0,(anonymous_692)
FNDA:0,(anonymous_693)
FNDA:0,(anonymous_694)
FNDA:0,(anonymous_695)
FNDA:0,(anonymous_696)
FNDA:0,(anonymous_697)
FNDA:0,(anonymous_698)
FNDA:0,(anonymous_699)
FNDA:0,(anonymous_700)
FNDA:0,Ho
FNDA:0,(anonymous_702)
FNDA:0,(anonymous_703)
FNDA:0,(anonymous_704)
FNDA:0,wc
FNDA:0,(anonymous_706)
FNDA:0,(anonymous_707)
FNDA:0,Ec
FNDA:0,Un
FNDA:0,(anonymous_710)
FNDA:0,(anonymous_711)
FNDA:0,(anonymous_712)
FNDA:0,(anonymous_713)
FNDA:0,bc
FNDA:0,(anonymous_715)
FNDA:0,qr
FNDA:0,(anonymous_717)
FNDA:0,(anonymous_718)
FNDA:0,(anonymous_719)
FNDA:0,(anonymous_720)
FNDA:0,(anonymous_721)
FNDA:0,(anonymous_722)
FNDA:0,xc
FNDA:0,Yo
FNDA:0,Zo
FNDA:0,$t
FNDA:0,(anonymous_727)
FNDA:0,(anonymous_728)
FNDA:0,te
FNDA:0,(anonymous_730)
FNDA:0,(anonymous_731)
FNDA:0,$e
FNDA:0,(anonymous_733)
FNDA:0,(anonymous_734)
FNDA:0,(anonymous_735)
FNDA:0,(anonymous_736)
FNDA:0,jr
FNDA:0,(anonymous_738)
FNDA:0,(anonymous_739)
FNDA:0,(anonymous_740)
FNDA:0,(anonymous_741)
FNDA:0,(anonymous_742)
FNDA:0,me
FNDA:0,(anonymous_744)
FNDA:0,(anonymous_745)
FNDA:0,(anonymous_746)
FNDA:0,(anonymous_747)
FNDA:0,(anonymous_748)
FNDA:0,(anonymous_749)
FNDA:0,(anonymous_750)
FNDA:0,(anonymous_751)
FNDA:0,vc
FNDA:0,es
FNDA:0,(anonymous_754)
FNDA:0,mt
FNDA:0,(anonymous_756)
FNDA:0,(anonymous_757)
FNDA:0,(anonymous_758)
FNDA:0,Gr
FNDA:0,ts
FNDA:0,Qr
FNDA:0,Ac
FNDA:0,(anonymous_763)
FNDA:0,Fe
FNDA:0,dt
FNDA:0,(anonymous_766)
FNDA:0,Rc
FNDA:0,Jr
FNDA:0,(anonymous_769)
FNDA:0,ns
FNDA:0,Sc
FNDA:0,kc
FNDA:0,(anonymous_773)
FNDA:0,(anonymous_774)
FNDA:0,is
FNDA:0,Ic
FNDA:0,Oc
FNDA:0,(anonymous_778)
FNDA:0,(anonymous_779)
FNDA:0,os
FNDA:0,ss
FNDA:0,(anonymous_782)
FNDA:0,(anonymous_783)
FNDA:0,(anonymous_784)
FNDA:0,as
FNDA:0,(anonymous_786)
FNDA:0,(anonymous_787)
FNDA:0,(anonymous_788)
FNDA:0,(anonymous_789)
FNDA:0,(anonymous_790)
FNDA:0,(anonymous_791)
FNDA:0,(anonymous_792)
FNDA:0,Dc
FNDA:0,Mc
FNDA:0,Vn
FNDA:0,(anonymous_796)
FNDA:0,(anonymous_797)
FNDA:0,(anonymous_798)
FNDA:0,_c
FNDA:0,(anonymous_800)
FNDA:0,(anonymous_801)
FNDA:0,jn
FNDA:0,(anonymous_803)
FNDA:0,(anonymous_804)
FNDA:0,(anonymous_805)
FNDA:0,Lc
FNDA:0,(anonymous_807)
FNDA:0,(anonymous_808)
FNDA:0,(anonymous_809)
FNDA:0,(anonymous_810)
FNDA:0,(anonymous_811)
FNDA:0,Uc
FNDA:0,Bc
FNDA:0,(anonymous_814)
FNDA:0,cs
FNDA:0,(anonymous_816)
FNDA:0,Vt
FNDA:0,(anonymous_818)
FNDA:0,(anonymous_819)
FNDA:0,qc
FNDA:0,(anonymous_821)
FNDA:0,(anonymous_822)
FNDA:0,$c
FNDA:0,(anonymous_824)
FNDA:0,(anonymous_825)
FNDA:0,(anonymous_826)
FNDA:0,ps
FNDA:0,ms
FNDA:0,ds
FNDA:0,(anonymous_830)
FNDA:0,(anonymous_831)
FNDA:0,Vc
FNDA:0,(anonymous_833)
FNDA:0,jc
FNDA:0,(anonymous_835)
FNDA:0,Wr
FNDA:0,fs
FNDA:0,(anonymous_838)
FNDA:0,gs
FNDA:0,(anonymous_840)
FNDA:0,ys
FNDA:0,Qc
FNDA:0,Jc
FNDA:0,jt
FNDA:0,Es
FNDA:0,(anonymous_846)
FNDA:0,(anonymous_847)
FNDA:0,bs
FNDA:0,xs
FNDA:0,(anonymous_850)
FNDA:0,Ps
FNDA:0,(anonymous_852)
FNDA:0,(anonymous_853)
FNDA:0,(anonymous_854)
FNDA:0,vs
FNDA:0,(anonymous_856)
FNDA:0,Cs
FNDA:0,Rs
FNDA:0,(anonymous_859)
FNDA:0,(anonymous_860)
FNDA:0,(anonymous_861)
FNDA:0,(anonymous_862)
FNDA:0,(anonymous_863)
FNDA:0,(anonymous_864)
FNDA:0,Xc
FNDA:0,(anonymous_866)
FNDA:0,Qn
FNDA:0,ft
FNDA:0,(anonymous_869)
FNDA:0,(anonymous_870)
FNDA:0,(anonymous_871)
FNDA:0,U
FNDA:0,(anonymous_873)
FNDA:0,ks
FNDA:0,(anonymous_875)
FNDA:0,(anonymous_876)
FNDA:0,rp
FNDA:0,Jn
FNDA:0,(anonymous_879)
FNDA:0,(anonymous_880)
FNDA:0,(anonymous_881)
FNDA:0,(anonymous_882)
FNDA:0,(anonymous_883)
FNDA:0,(anonymous_884)
FNDA:0,(anonymous_885)
FNDA:0,(anonymous_886)
FNDA:0,(anonymous_887)
FNDA:0,(anonymous_888)
FNDA:0,(anonymous_889)
FNDA:0,(anonymous_890)
FNDA:0,(anonymous_891)
FNDA:0,(anonymous_892)
FNDA:0,(anonymous_893)
FNDA:0,op
FNDA:0,er
FNDA:0,yt
FNDA:0,Os
FNDA:0,(anonymous_898)
FNDA:0,(anonymous_899)
FNDA:0,Ds
FNDA:0,Ms
FNDA:0,(anonymous_902)
FNDA:0,(anonymous_903)
FNDA:0,Qe
FNDA:0,(anonymous_905)
FNDA:0,lp
FNDA:0,Fs
FNDA:0,up
FNDA:0,(anonymous_909)
FNDA:0,(anonymous_910)
FNDA:0,(anonymous_911)
FNDA:0,(anonymous_912)
FNDA:0,(anonymous_913)
FNDA:0,(anonymous_914)
FNDA:0,(anonymous_915)
FNDA:0,(anonymous_916)
FNDA:0,(anonymous_917)
FNDA:0,(anonymous_918)
FNDA:0,(anonymous_919)
FNDA:0,(anonymous_920)
FNDA:0,(anonymous_921)
FNDA:0,(anonymous_922)
FNDA:0,(anonymous_923)
FNDA:0,(anonymous_924)
FNDA:0,(anonymous_925)
FNDA:0,(anonymous_926)
FNDA:0,(anonymous_927)
FNDA:0,(anonymous_928)
FNDA:0,(anonymous_929)
FNDA:0,(anonymous_930)
FNDA:0,(anonymous_931)
FNDA:0,(anonymous_932)
FNDA:0,(anonymous_933)
FNDA:0,(anonymous_934)
FNDA:0,Us
FNDA:0,(anonymous_936)
FNDA:0,(anonymous_937)
FNDA:0,C
FNDA:0,Bs
FNDA:0,zr
FNDA:0,(anonymous_941)
FNDA:0,(anonymous_942)
FNDA:0,(anonymous_943)
FNDA:0,Et
FNDA:0,Vs
FNDA:0,(anonymous_946)
FNDA:0,Gs
FNDA:0,(anonymous_948)
FNDA:0,cp
FNDA:0,Qs
FNDA:0,js
FNDA:0,Xn
FNDA:0,(anonymous_953)
FNDA:0,(anonymous_954)
FNDA:0,(anonymous_955)
FNDA:0,(anonymous_956)
FNDA:0,(anonymous_957)
FNDA:0,(anonymous_958)
FNDA:0,ti
FNDA:0,(anonymous_960)
FNDA:0,(anonymous_961)
FNDA:0,(anonymous_962)
FNDA:0,(anonymous_963)
FNDA:0,(anonymous_964)
FNDA:0,(anonymous_965)
FNDA:0,(anonymous_966)
FNDA:0,Hs
FNDA:0,(anonymous_968)
FNDA:0,(anonymous_969)
FNDA:0,(anonymous_970)
FNDA:0,(anonymous_971)
FNDA:0,(anonymous_972)
FNDA:0,(anonymous_973)
FNDA:0,(anonymous_974)
FNDA:0,(anonymous_975)
FNDA:0,(anonymous_976)
FNDA:0,(anonymous_977)
FNDA:0,(anonymous_978)
FNDA:0,zs
FNDA:0,Ys
FNDA:0,(anonymous_981)
FNDA:0,(anonymous_982)
FNDA:0,(anonymous_983)
FNDA:0,Zs
FNDA:0,(anonymous_985)
FNDA:0,(anonymous_986)
FNDA:0,(anonymous_987)
FNDA:0,(anonymous_988)
FNDA:0,(anonymous_989)
FNDA:0,Zr
FNDA:0,Xs
FNDA:0,ni
FNDA:0,(anonymous_994)
FNDA:0,ii
FNDA:0,(anonymous_996)
FNDA:0,(anonymous_997)
FNDA:0,(anonymous_998)
FNDA:0,(anonymous_999)
FNDA:0,(anonymous_1000)
FNDA:0,(anonymous_1001)
FNDA:0,(anonymous_1002)
FNDA:0,(anonymous_1003)
FNDA:0,(anonymous_1004)
FNDA:0,(anonymous_1005)
FNDA:0,(anonymous_1006)
FNDA:0,(anonymous_1007)
FNDA:0,Je
FNDA:0,(anonymous_1009)
FNDA:0,(anonymous_1010)
FNDA:0,(anonymous_1011)
FNDA:0,(anonymous_1012)
FNDA:0,(anonymous_1013)
FNDA:0,(anonymous_1014)
FNDA:0,oi
FNDA:0,gp
FNDA:0,(anonymous_1017)
FNDA:0,(anonymous_1018)
FNDA:0,(anonymous_1019)
FNDA:0,(anonymous_1020)
FNDA:0,(anonymous_1021)
FNDA:0,(anonymous_1022)
FNDA:0,(anonymous_1023)
FNDA:0,(anonymous_1024)
FNDA:0,(anonymous_1025)
FNDA:0,(anonymous_1026)
FNDA:0,(anonymous_1027)
FNDA:0,(anonymous_1028)
FNDA:0,(anonymous_1029)
FNDA:0,(anonymous_1030)
FNDA:0,(anonymous_1031)
FNDA:0,(anonymous_1032)
FNDA:0,yp
FNDA:0,ta
FNDA:0,wp
FNDA:0,Ep
FNDA:0,ra
FNDA:0,(anonymous_1038)
FNDA:0,(anonymous_1039)
FNDA:0,(anonymous_1040)
FNDA:0,(anonymous_1041)
FNDA:0,(anonymous_1042)
FNDA:0,(anonymous_1043)
FNDA:0,(anonymous_1044)
FNDA:0,t
FNDA:0,(anonymous_1046)
FNDA:0,(anonymous_1047)
FNDA:0,(anonymous_1048)
FNDA:0,(anonymous_1049)
FNDA:0,(anonymous_1050)
FNDA:0,ua
FNDA:0,bt
FNDA:0,xp
FNDA:0,(anonymous_1054)
FNDA:0,(anonymous_1055)
FNDA:0,Pp
FNDA:0,aa
FNDA:0,(anonymous_1058)
FNDA:0,vp
FNDA:0,(anonymous_1060)
FNDA:0,(anonymous_1061)
FNDA:0,(anonymous_1062)
FNDA:0,(anonymous_1063)
FNDA:0,ca
FNDA:0,(anonymous_1065)
FNDA:0,(anonymous_1066)
FNDA:0,(anonymous_1067)
FNDA:0,(anonymous_1068)
FNDA:0,(anonymous_1069)
FNDA:0,(anonymous_1070)
FNDA:0,(anonymous_1071)
FNDA:0,(anonymous_1072)
FNDA:0,Rp
FNDA:0,(anonymous_1074)
FNDA:0,(anonymous_1075)
FNDA:0,(anonymous_1076)
FNDA:0,(anonymous_1077)
FNDA:0,(anonymous_1078)
FNDA:0,(anonymous_1079)
FNDA:0,(anonymous_1080)
FNDA:0,(anonymous_1081)
FNDA:0,(anonymous_1082)
FNDA:0,(anonymous_1083)
FNDA:0,(anonymous_1084)
FNDA:0,(anonymous_1085)
FNDA:0,(anonymous_1086)
FNDA:0,(anonymous_1087)
FNDA:0,(anonymous_1088)
FNDA:0,(anonymous_1089)
FNDA:0,(anonymous_1090)
FNDA:0,(anonymous_1091)
FNDA:0,(anonymous_1092)
FNDA:0,(anonymous_1093)
FNDA:0,(anonymous_1094)
FNDA:0,(anonymous_1095)
FNDA:0,(anonymous_1096)
FNDA:0,(anonymous_1097)
FNDA:0,(anonymous_1098)
FNDA:0,(anonymous_1099)
FNDA:0,(anonymous_1100)
FNDA:0,(anonymous_1101)
FNDA:0,(anonymous_1102)
FNDA:0,(anonymous_1103)
FNDA:0,(anonymous_1104)
FNDA:0,(anonymous_1105)
FNDA:0,(anonymous_1106)
FNDA:0,(anonymous_1107)
FNDA:0,(anonymous_1108)
FNDA:0,(anonymous_1109)
FNDA:0,(anonymous_1110)
FNDA:0,(anonymous_1111)
FNDA:0,(anonymous_1112)
FNDA:0,(anonymous_1113)
FNDA:0,(anonymous_1114)
FNDA:0,(anonymous_1115)
FNDA:0,(anonymous_1116)
FNDA:0,(anonymous_1117)
FNDA:0,pa
FNDA:0,Sp
FNDA:0,Ip
FNDA:0,(anonymous_1121)
DA:4,0
DA:5,0
DA:6,0
DA:7,0
DA:8,0
DA:9,0
DA:11,0
DA:14,0
DA:15,0
DA:16,0
DA:23,0
DA:24,0
DA:25,0
DA:26,0
DA:27,0
DA:28,0
DA:32,0
DA:33,0
LF:18
LH:0
BRDA:4,0,0,0
BRDA:4,0,1,0
BRDA:4,1,0,0
BRDA:4,1,1,0
BRDA:4,2,0,0
BRDA:4,2,1,0
BRDA:4,3,0,0
BRDA:4,3,1,0
BRDA:4,3,2,0
BRDA:4,4,0,0
BRDA:4,4,1,0
BRDA:4,4,2,0
BRDA:4,5,0,0
BRDA:4,5,1,0
BRDA:4,6,0,0
BRDA:4,6,1,0
BRDA:4,7,0,0
BRDA:4,7,1,0
BRDA:4,8,0,0
BRDA:4,8,1,0
BRDA:4,8,2,0
BRDA:4,9,0,0
BRDA:4,9,1,0
BRDA:4,10,0,0
BRDA:4,10,1,0
BRDA:4,11,0,0
BRDA:4,11,1,0
BRDA:4,12,0,0
BRDA:4,12,1,0
BRDA:4,13,0,0
BRDA:4,13,1,0
BRDA:4,14,0,0
BRDA:4,14,1,0
BRDA:4,15,0,0
BRDA:4,15,1,0
BRDA:4,16,0,0
BRDA:4,16,1,0
BRDA:4,17,0,0
BRDA:4,17,1,0
BRDA:4,18,0,0
BRDA:4,18,1,0
BRDA:4,19,0,0
BRDA:4,19,1,0
BRDA:4,20,0,0
BRDA:4,20,1,0
BRDA:4,21,0,0
BRDA:4,21,1,0
BRDA:4,22,0,0
BRDA:4,22,1,0
BRDA:4,23,0,0
BRDA:4,23,1,0
BRDA:4,24,0,0
BRDA:4,24,1,0
BRDA:4,25,0,0
BRDA:4,25,1,0
BRDA:4,26,0,0
BRDA:4,26,1,0
BRDA:4,27,0,0
BRDA:4,27,1,0
BRDA:4,28,0,0
BRDA:4,28,1,0
BRDA:4,29,0,0
BRDA:4,29,1,0
BRDA:4,30,0,0
BRDA:4,30,1,0
BRDA:4,31,0,0
BRDA:4,31,1,0
BRDA:4,32,0,0
BRDA:4,32,1,0
BRDA:4,32,2,0
BRDA:4,33,0,0
BRDA:4,33,1,0
BRDA:4,34,0,0
BRDA:4,34,1,0
BRDA:4,35,0,0
BRDA:4,35,1,0
BRDA:4,36,0,0
BRDA:4,36,1,0
BRDA:4,37,0,0
BRDA:4,37,1,0
BRDA:4,38,0,0
BRDA:4,38,1,0
BRDA:4,39,0,0
BRDA:4,39,1,0
BRDA:4,40,0,0
BRDA:4,40,1,0
BRDA:4,41,0,0
BRDA:4,41,1,0
BRDA:4,42,0,0
BRDA:4,42,1,0
BRDA:4,43,0,0
BRDA:4,43,1,0
BRDA:4,43,2,0
BRDA:4,43,3,0
BRDA:4,44,0,0
BRDA:4,44,1,0
BRDA:4,45,0,0
BRDA:4,45,1,0
BRDA:4,46,0,0
BRDA:4,46,1,0
BRDA:4,47,0,0
BRDA:4,47,1,0
BRDA:4,48,0,0
BRDA:4,48,1,0
BRDA:4,49,0,0
BRDA:4,49,1,0
BRDA:4,50,0,0
BRDA:4,50,1,0
BRDA:4,51,0,0
BRDA:4,51,1,0
BRDA:4,52,0,0
BRDA:4,52,1,0
BRDA:4,53,0,0
BRDA:4,53,1,0
BRDA:4,53,2,0
BRDA:4,53,3,0
BRDA:4,53,4,0
BRDA:4,53,5,0
BRDA:4,53,6,0
BRDA:4,54,0,0
BRDA:4,54,1,0
BRDA:4,55,0,0
BRDA:4,55,1,0
BRDA:4,56,0,0
BRDA:4,56,1,0
BRDA:4,57,0,0
BRDA:4,57,1,0
BRDA:4,58,0,0
BRDA:4,58,1,0
BRDA:4,59,0,0
BRDA:4,59,1,0
BRDA:4,60,0,0
BRDA:4,60,1,0
BRDA:4,60,2,0
BRDA:4,61,0,0
BRDA:4,61,1,0
BRDA:4,62,0,0
BRDA:4,62,1,0
BRDA:4,63,0,0
BRDA:4,63,1,0
BRDA:4,64,0,0
BRDA:4,64,1,0
BRDA:4,65,0,0
BRDA:4,65,1,0
BRDA:4,66,0,0
BRDA:4,66,1,0
BRDA:4,67,0,0
BRDA:4,67,1,0
BRDA:4,68,0,0
BRDA:4,68,1,0
BRDA:4,68,2,0
BRDA:4,69,0,0
BRDA:4,69,1,0
BRDA:4,70,0,0
BRDA:4,70,1,0
BRDA:4,71,0,0
BRDA:4,71,1,0
BRDA:4,72,0,0
BRDA:4,72,1,0
BRDA:4,73,0,0
BRDA:4,73,1,0
BRDA:4,74,0,0
BRDA:4,74,1,0
BRDA:4,75,0,0
BRDA:4,75,1,0
BRDA:4,76,0,0
BRDA:4,76,1,0
BRDA:4,77,0,0
BRDA:4,77,1,0
BRDA:4,78,0,0
BRDA:4,78,1,0
BRDA:4,79,0,0
BRDA:4,79,1,0
BRDA:4,80,0,0
BRDA:4,80,1,0
BRDA:4,81,0,0
BRDA:4,81,1,0
BRDA:4,82,0,0
BRDA:4,82,1,0
BRDA:4,83,0,0
BRDA:4,83,1,0
BRDA:4,84,0,0
BRDA:4,84,1,0
BRDA:4,85,0,0
BRDA:4,85,1,0
BRDA:4,86,0,0
BRDA:4,86,1,0
BRDA:4,87,0,0
BRDA:4,87,1,0
BRDA:4,88,0,0
BRDA:4,88,1,0
BRDA:4,88,2,0
BRDA:4,89,0,0
BRDA:4,89,1,0
BRDA:4,90,0,0
BRDA:4,90,1,0
BRDA:4,91,0,0
BRDA:4,91,1,0
BRDA:4,92,0,0
BRDA:4,92,1,0
BRDA:4,93,0,0
BRDA:4,93,1,0
BRDA:4,94,0,0
BRDA:4,94,1,0
BRDA:4,95,0,0
BRDA:4,95,1,0
BRDA:4,96,0,0
BRDA:4,96,1,0
BRDA:4,97,0,0
BRDA:4,97,1,0
BRDA:4,97,2,0
BRDA:4,97,3,0
BRDA:4,97,4,0
BRDA:4,97,5,0
BRDA:4,97,6,0
BRDA:4,97,7,0
BRDA:4,97,8,0
BRDA:4,97,9,0
BRDA:4,97,10,0
BRDA:4,97,11,0
BRDA:4,98,0,0
BRDA:4,98,1,0
BRDA:4,99,0,0
BRDA:4,99,1,0
BRDA:4,100,0,0
BRDA:4,100,1,0
BRDA:4,101,0,0
BRDA:4,101,1,0
BRDA:4,102,0,0
BRDA:4,102,1,0
BRDA:4,103,0,0
BRDA:4,103,1,0
BRDA:4,104,0,0
BRDA:4,104,1,0
BRDA:4,105,0,0
BRDA:4,105,1,0
BRDA:4,106,0,0
BRDA:4,106,1,0
BRDA:4,107,0,0
BRDA:4,107,1,0
BRDA:4,108,0,0
BRDA:4,108,1,0
BRDA:4,109,0,0
BRDA:4,109,1,0
BRDA:4,110,0,0
BRDA:4,110,1,0
BRDA:4,111,0,0
BRDA:4,111,1,0
BRDA:4,112,0,0
BRDA:4,112,1,0
BRDA:4,112,2,0
BRDA:4,112,3,0
BRDA:4,112,4,0
BRDA:4,112,5,0
BRDA:4,112,6,0
BRDA:4,112,7,0
BRDA:4,112,8,0
BRDA:4,112,9,0
BRDA:4,112,10,0
BRDA:4,112,11,0
BRDA:4,113,0,0
BRDA:4,113,1,0
BRDA:4,114,0,0
BRDA:4,114,1,0
BRDA:4,115,0,0
BRDA:4,115,1,0
BRDA:4,116,0,0
BRDA:4,116,1,0
BRDA:4,116,2,0
BRDA:4,117,0,0
BRDA:4,117,1,0
BRDA:4,117,2,0
BRDA:4,118,0,0
BRDA:4,118,1,0
BRDA:4,118,2,0
BRDA:4,119,0,0
BRDA:4,119,1,0
BRDA:4,120,0,0
BRDA:4,120,1,0
BRDA:4,120,2,0
BRDA:4,120,3,0
BRDA:4,120,4,0
BRDA:4,120,5,0
BRDA:4,120,6,0
BRDA:4,120,7,0
BRDA:4,120,8,0
BRDA:4,120,9,0
BRDA:4,120,10,0
BRDA:4,120,11,0
BRDA:4,121,0,0
BRDA:4,121,1,0
BRDA:4,122,0,0
BRDA:4,122,1,0
BRDA:4,123,0,0
BRDA:4,123,1,0
BRDA:4,124,0,0
BRDA:4,124,1,0
BRDA:4,125,0,0
BRDA:4,125,1,0
BRDA:4,126,0,0
BRDA:4,126,1,0
BRDA:4,127,0,0
BRDA:4,127,1,0
BRDA:4,128,0,0
BRDA:4,128,1,0
BRDA:4,129,0,0
BRDA:4,129,1,0
BRDA:4,130,0,0
BRDA:4,130,1,0
BRDA:4,131,0,0
BRDA:4,131,1,0
BRDA:4,132,0,0
BRDA:4,132,1,0
BRDA:4,133,0,0
BRDA:4,133,1,0
BRDA:4,134,0,0
BRDA:4,134,1,0
BRDA:4,135,0,0
BRDA:4,135,1,0
BRDA:4,136,0,0
BRDA:4,136,1,0
BRDA:4,137,0,0
BRDA:4,137,1,0
BRDA:4,138,0,0
BRDA:4,138,1,0
BRDA:4,139,0,0
BRDA:4,139,1,0
BRDA:4,139,2,0
BRDA:4,139,3,0
BRDA:4,140,0,0
BRDA:4,140,1,0
BRDA:4,141,0,0
BRDA:4,141,1,0
BRDA:4,142,0,0
BRDA:4,142,1,0
BRDA:4,143,0,0
BRDA:4,143,1,0
BRDA:4,144,0,0
BRDA:4,144,1,0
BRDA:4,145,0,0
BRDA:4,145,1,0
BRDA:4,146,0,0
BRDA:4,146,1,0
BRDA:4,147,0,0
BRDA:4,147,1,0
BRDA:4,148,0,0
BRDA:4,148,1,0
BRDA:4,149,0,0
BRDA:4,149,1,0
BRDA:4,150,0,0
BRDA:4,150,1,0
BRDA:4,151,0,0
BRDA:4,151,1,0
BRDA:4,152,0,0
BRDA:4,152,1,0
BRDA:4,153,0,0
BRDA:4,153,1,0
BRDA:4,154,0,0
BRDA:4,154,1,0
BRDA:4,155,0,0
BRDA:4,155,1,0
BRDA:4,156,0,0
BRDA:4,156,1,0
BRDA:4,157,0,0
BRDA:4,157,1,0
BRDA:4,158,0,0
BRDA:4,158,1,0
BRDA:4,159,0,0
BRDA:4,159,1,0
BRDA:4,160,0,0
BRDA:4,160,1,0
BRDA:4,161,0,0
BRDA:4,161,1,0
BRDA:4,162,0,0
BRDA:4,162,1,0
BRDA:4,163,0,0
BRDA:4,163,1,0
BRDA:4,164,0,0
BRDA:4,164,1,0
BRDA:4,165,0,0
BRDA:4,165,1,0
BRDA:4,166,0,0
BRDA:4,166,1,0
BRDA:4,167,0,0
BRDA:4,167,1,0
BRDA:4,167,2,0
BRDA:4,167,3,0
BRDA:4,168,0,0
BRDA:4,168,1,0
BRDA:4,169,0,0
BRDA:4,169,1,0
BRDA:4,170,0,0
BRDA:4,170,1,0
BRDA:4,171,0,0
BRDA:4,171,1,0
BRDA:4,172,0,0
BRDA:4,172,1,0
BRDA:4,173,0,0
BRDA:4,173,1,0
BRDA:4,174,0,0
BRDA:4,174,1,0
BRDA:4,175,0,0
BRDA:4,175,1,0
BRDA:4,176,0,0
BRDA:4,176,1,0
BRDA:4,177,0,0
BRDA:4,177,1,0
BRDA:4,178,0,0
BRDA:4,178,1,0
BRDA:4,179,0,0
BRDA:4,179,1,0
BRDA:4,180,0,0
BRDA:4,180,1,0
BRDA:4,181,0,0
BRDA:4,181,1,0
BRDA:4,182,0,0
BRDA:4,182,1,0
BRDA:4,183,0,0
BRDA:4,183,1,0
BRDA:4,184,0,0
BRDA:4,184,1,0
BRDA:4,185,0,0
BRDA:4,185,1,0
BRDA:4,186,0,0
BRDA:4,186,1,0
BRDA:4,187,0,0
BRDA:4,187,1,0
BRDA:4,188,0,0
BRDA:4,188,1,0
BRDA:4,189,0,0
BRDA:4,189,1,0
BRDA:4,190,0,0
BRDA:4,190,1,0
BRDA:4,191,0,0
BRDA:4,191,1,0
BRDA:4,192,0,0
BRDA:4,192,1,0
BRDA:4,192,2,0
BRDA:4,193,0,0
BRDA:4,193,1,0
BRDA:4,193,2,0
BRDA:4,193,3,0
BRDA:4,194,0,0
BRDA:4,194,1,0
BRDA:4,195,0,0
BRDA:4,195,1,0
BRDA:4,195,2,0
BRDA:4,195,3,0
BRDA:4,195,4,0
BRDA:4,195,5,0
BRDA:4,195,6,0
BRDA:4,195,7,0
BRDA:4,195,8,0
BRDA:4,195,9,0
BRDA:4,195,10,0
BRDA:4,195,11,0
BRDA:4,196,0,0
BRDA:4,196,1,0
BRDA:4,197,0,0
BRDA:4,197,1,0
BRDA:4,198,0,0
BRDA:4,198,1,0
BRDA:4,199,0,0
BRDA:4,199,1,0
BRDA:4,200,0,0
BRDA:4,200,1,0
BRDA:4,201,0,0
BRDA:4,201,1,0
BRDA:4,202,0,0
BRDA:4,202,1,0
BRDA:4,203,0,0
BRDA:4,203,1,0
BRDA:4,204,0,0
BRDA:4,204,1,0
BRDA:4,204,2,0
BRDA:4,204,3,0
BRDA:4,205,0,0
BRDA:4,205,1,0
BRDA:4,206,0,0
BRDA:4,206,1,0
BRDA:4,207,0,0
BRDA:4,207,1,0
BRDA:4,208,0,0
BRDA:4,208,1,0
BRDA:4,208,2,0
BRDA:4,209,0,0
BRDA:4,209,1,0
BRDA:4,209,2,0
BRDA:4,209,3,0
BRDA:4,210,0,0
BRDA:4,210,1,0
BRDA:4,210,2,0
BRDA:4,210,3,0
BRDA:4,211,0,0
BRDA:4,211,1,0
BRDA:4,211,2,0
BRDA:4,212,0,0
BRDA:4,212,1,0
BRDA:4,213,0,0
BRDA:4,213,1,0
BRDA:4,214,0,0
BRDA:4,214,1,0
BRDA:4,215,0,0
BRDA:4,215,1,0
BRDA:4,215,2,0
BRDA:4,216,0,0
BRDA:4,216,1,0
BRDA:4,216,2,0
BRDA:4,216,3,0
BRDA:4,217,0,0
BRDA:4,217,1,0
BRDA:4,218,0,0
BRDA:4,218,1,0
BRDA:4,219,0,0
BRDA:4,219,1,0
BRDA:4,220,0,0
BRDA:4,220,1,0
BRDA:4,221,0,0
BRDA:4,221,1,0
BRDA:4,222,0,0
BRDA:4,222,1,0
BRDA:4,223,0,0
BRDA:4,223,1,0
BRDA:4,224,0,0
BRDA:4,224,1,0
BRDA:4,225,0,0
BRDA:4,225,1,0
BRDA:4,226,0,0
BRDA:4,226,1,0
BRDA:4,227,0,0
BRDA:4,227,1,0
BRDA:4,228,0,0
BRDA:4,228,1,0
BRDA:4,229,0,0
BRDA:4,229,1,0
BRDA:4,230,0,0
BRDA:4,230,1,0
BRDA:4,231,0,0
BRDA:4,231,1,0
BRDA:4,232,0,0
BRDA:4,232,1,0
BRDA:4,233,0,0
BRDA:4,233,1,0
BRDA:4,234,0,0
BRDA:4,234,1,0
BRDA:4,235,0,0
BRDA:4,235,1,0
BRDA:4,236,0,0
BRDA:4,236,1,0
BRDA:4,237,0,0
BRDA:4,237,1,0
BRDA:4,237,2,0
BRDA:4,238,0,0
BRDA:4,238,1,0
BRDA:4,238,2,0
BRDA:4,239,0,0
BRDA:4,239,1,0
BRDA:4,240,0,0
BRDA:4,240,1,0
BRDA:4,241,0,0
BRDA:4,241,1,0
BRDA:4,242,0,0
BRDA:4,242,1,0
BRDA:4,243,0,0
BRDA:4,243,1,0
BRDA:4,244,0,0
BRDA:4,244,1,0
BRDA:4,245,0,0
BRDA:4,245,1,0
BRDA:4,246,0,0
BRDA:4,246,1,0
BRDA:4,247,0,0
BRDA:4,247,1,0
BRDA:4,248,0,0
BRDA:4,248,1,0
BRDA:4,249,0,0
BRDA:4,249,1,0
BRDA:4,250,0,0
BRDA:4,250,1,0
BRDA:4,251,0,0
BRDA:4,251,1,0
BRDA:4,252,0,0
BRDA:4,252,1,0
BRDA:4,253,0,0
BRDA:4,253,1,0
BRDA:4,253,2,0
BRDA:4,254,0,0
BRDA:4,254,1,0
BRDA:4,254,2,0
BRDA:4,255,0,0
BRDA:4,255,1,0
BRDA:4,256,0,0
BRDA:4,256,1,0
BRDA:4,257,0,0
BRDA:4,257,1,0
BRDA:4,258,0,0
BRDA:4,258,1,0
BRDA:4,259,0,0
BRDA:4,259,1,0
BRDA:4,260,0,0
BRDA:4,260,1,0
BRDA:4,261,0,0
BRDA:4,261,1,0
BRDA:4,262,0,0
BRDA:4,262,1,0
BRDA:4,263,0,0
BRDA:4,263,1,0
BRDA:4,264,0,0
BRDA:4,264,1,0
BRDA:4,265,0,0
BRDA:4,265,1,0
BRDA:4,266,0,0
BRDA:4,266,1,0
BRDA:4,267,0,0
BRDA:4,267,1,0
BRDA:4,268,0,0
BRDA:4,268,1,0
BRDA:4,269,0,0
BRDA:4,269,1,0
BRDA:4,270,0,0
BRDA:4,270,1,0
BRDA:4,271,0,0
BRDA:4,271,1,0
BRDA:4,272,0,0
BRDA:4,273,0,0
BRDA:4,274,0,0
BRDA:4,274,1,0
BRDA:4,275,0,0
BRDA:4,275,1,0
BRDA:4,276,0,0
BRDA:4,276,1,0
BRDA:4,276,2,0
BRDA:4,276,3,0
BRDA:4,277,0,0
BRDA:4,277,1,0
BRDA:4,278,0,0
BRDA:4,278,1,0
BRDA:4,279,0,0
BRDA:4,279,1,0
BRDA:4,279,2,0
BRDA:4,279,3,0
BRDA:4,280,0,0
BRDA:4,280,1,0
BRDA:4,281,0,0
BRDA:4,281,1,0
BRDA:4,282,0,0
BRDA:4,282,1,0
BRDA:4,283,0,0
BRDA:4,283,1,0
BRDA:4,284,0,0
BRDA:4,284,1,0
BRDA:4,285,0,0
BRDA:4,285,1,0
BRDA:4,286,0,0
BRDA:4,286,1,0
BRDA:4,287,0,0
BRDA:4,288,0,0
BRDA:4,289,0,0
BRDA:4,289,1,0
BRDA:4,290,0,0
BRDA:4,290,1,0
BRDA:4,291,0,0
BRDA:4,291,1,0
BRDA:4,292,0,0
BRDA:4,292,1,0
BRDA:4,293,0,0
BRDA:4,293,1,0
BRDA:4,294,0,0
BRDA:4,294,1,0
BRDA:4,295,0,0
BRDA:4,295,1,0
BRDA:4,296,0,0
BRDA:4,296,1,0
BRDA:4,296,2,0
BRDA:4,297,0,0
BRDA:4,297,1,0
BRDA:4,298,0,0
BRDA:4,298,1,0
BRDA:4,299,0,0
BRDA:4,299,1,0
BRDA:4,299,2,0
BRDA:4,300,0,0
BRDA:4,300,1,0
BRDA:4,300,2,0
BRDA:4,301,0,0
BRDA:4,301,1,0
BRDA:4,302,0,0
BRDA:4,302,1,0
BRDA:4,303,0,0
BRDA:4,303,1,0
BRDA:4,304,0,0
BRDA:4,304,1,0
BRDA:4,305,0,0
BRDA:4,305,1,0
BRDA:4,306,0,0
BRDA:4,306,1,0
BRDA:4,307,0,0
BRDA:4,307,1,0
BRDA:4,308,0,0
BRDA:4,308,1,0
BRDA:4,309,0,0
BRDA:4,309,1,0
BRDA:4,310,0,0
BRDA:4,310,1,0
BRDA:4,311,0,0
BRDA:4,311,1,0
BRDA:4,312,0,0
BRDA:4,312,1,0
BRDA:4,313,0,0
BRDA:4,313,1,0
BRDA:4,314,0,0
BRDA:4,314,1,0
BRDA:4,315,0,0
BRDA:4,315,1,0
BRDA:4,316,0,0
BRDA:4,316,1,0
BRDA:4,317,0,0
BRDA:4,317,1,0
BRDA:4,317,2,0
BRDA:4,317,3,0
BRDA:4,318,0,0
BRDA:4,318,1,0
BRDA:4,319,0,0
BRDA:4,319,1,0
BRDA:4,320,0,0
BRDA:4,320,1,0
BRDA:4,321,0,0
BRDA:4,321,1,0
BRDA:4,321,2,0
BRDA:4,322,0,0
BRDA:4,322,1,0
BRDA:4,323,0,0
BRDA:4,323,1,0
BRDA:4,324,0,0
BRDA:4,324,1,0
BRDA:4,325,0,0
BRDA:4,325,1,0
BRDA:4,326,0,0
BRDA:4,326,1,0
BRDA:4,327,0,0
BRDA:4,327,1,0
BRDA:4,328,0,0
BRDA:4,328,1,0
BRDA:4,329,0,0
BRDA:4,329,1,0
BRDA:4,330,0,0
BRDA:4,330,1,0
BRDA:4,331,0,0
BRDA:4,331,1,0
BRDA:4,332,0,0
BRDA:4,332,1,0
BRDA:4,332,2,0
BRDA:4,333,0,0
BRDA:4,333,1,0
BRDA:4,334,0,0
BRDA:4,334,1,0
BRDA:4,334,2,0
BRDA:4,335,0,0
BRDA:4,335,1,0
BRDA:4,336,0,0
BRDA:4,336,1,0
BRDA:4,337,0,0
BRDA:4,337,1,0
BRDA:4,338,0,0
BRDA:4,338,1,0
BRDA:4,339,0,0
BRDA:4,339,1,0
BRDA:4,340,0,0
BRDA:4,340,1,0
BRDA:4,341,0,0
BRDA:4,341,1,0
BRDA:4,342,0,0
BRDA:4,342,1,0
BRDA:4,343,0,0
BRDA:4,343,1,0
BRDA:4,344,0,0
BRDA:4,344,1,0
BRDA:4,345,0,0
BRDA:4,345,1,0
BRDA:4,346,0,0
BRDA:4,346,1,0
BRDA:4,347,0,0
BRDA:4,347,1,0
BRDA:4,348,0,0
BRDA:4,348,1,0
BRDA:4,349,0,0
BRDA:4,349,1,0
BRDA:4,350,0,0
BRDA:4,350,1,0
BRDA:4,351,0,0
BRDA:4,351,1,0
BRDA:4,352,0,0
BRDA:4,352,1,0
BRDA:4,353,0,0
BRDA:4,353,1,0
BRDA:4,354,0,0
BRDA:4,354,1,0
BRDA:4,355,0,0
BRDA:4,355,1,0
BRDA:4,356,0,0
BRDA:4,356,1,0
BRDA:4,357,0,0
BRDA:4,357,1,0
BRDA:4,358,0,0
BRDA:4,358,1,0
BRDA:4,358,2,0
BRDA:4,359,0,0
BRDA:4,359,1,0
BRDA:4,360,0,0
BRDA:4,360,1,0
BRDA:4,361,0,0
BRDA:4,361,1,0
BRDA:4,362,0,0
BRDA:4,362,1,0
BRDA:4,363,0,0
BRDA:4,363,1,0
BRDA:4,364,0,0
BRDA:4,364,1,0
BRDA:4,365,0,0
BRDA:4,365,1,0
BRDA:4,366,0,0
BRDA:4,366,1,0
BRDA:4,367,0,0
BRDA:4,367,1,0
BRDA:4,368,0,0
BRDA:4,368,1,0
BRDA:4,369,0,0
BRDA:4,369,1,0
BRDA:4,370,0,0
BRDA:4,370,1,0
BRDA:4,370,2,0
BRDA:4,370,3,0
BRDA:4,370,4,0
BRDA:4,371,0,0
BRDA:4,371,1,0
BRDA:4,372,0,0
BRDA:4,372,1,0
BRDA:4,373,0,0
BRDA:4,373,1,0
BRDA:4,374,0,0
BRDA:4,374,1,0
BRDA:4,375,0,0
BRDA:4,376,0,0
BRDA:4,376,1,0
BRDA:4,377,0,0
BRDA:4,377,1,0
BRDA:4,378,0,0
BRDA:4,378,1,0
BRDA:4,379,0,0
BRDA:4,379,1,0
BRDA:4,380,0,0
BRDA:4,380,1,0
BRDA:4,381,0,0
BRDA:4,382,0,0
BRDA:4,383,0,0
BRDA:4,383,1,0
BRDA:4,384,0,0
BRDA:4,384,1,0
BRDA:4,385,0,0
BRDA:4,385,1,0
BRDA:4,386,0,0
BRDA:4,386,1,0
BRDA:4,387,0,0
BRDA:4,387,1,0
BRDA:4,388,0,0
BRDA:4,388,1,0
BRDA:4,389,0,0
BRDA:4,389,1,0
BRDA:4,390,0,0
BRDA:4,390,1,0
BRDA:4,391,0,0
BRDA:4,391,1,0
BRDA:4,392,0,0
BRDA:4,392,1,0
BRDA:4,393,0,0
BRDA:4,393,1,0
BRDA:4,394,0,0
BRDA:4,394,1,0
BRDA:4,395,0,0
BRDA:4,395,1,0
BRDA:4,396,0,0
BRDA:4,396,1,0
BRDA:4,397,0,0
BRDA:4,397,1,0
BRDA:4,398,0,0
BRDA:4,398,1,0
BRDA:4,399,0,0
BRDA:4,399,1,0
BRDA:4,400,0,0
BRDA:4,400,1,0
BRDA:4,401,0,0
BRDA:4,401,1,0
BRDA:4,401,2,0
BRDA:4,401,3,0
BRDA:4,401,4,0
BRDA:4,401,5,0
BRDA:4,402,0,0
BRDA:4,402,1,0
BRDA:4,403,0,0
BRDA:4,403,1,0
BRDA:4,404,0,0
BRDA:4,404,1,0
BRDA:4,405,0,0
BRDA:4,405,1,0
BRDA:4,406,0,0
BRDA:4,406,1,0
BRDA:4,407,0,0
BRDA:4,407,1,0
BRDA:4,408,0,0
BRDA:4,408,1,0
BRDA:4,409,0,0
BRDA:4,409,1,0
BRDA:4,410,0,0
BRDA:4,410,1,0
[...]
BRDA:173,2,1,1
BRDA:174,3,0,1
BRDA:174,3,1,1
BRDA:198,4,0,0
BRDA:198,4,1,0
BRDA:199,5,0,0
BRDA:199,5,1,0
BRDA:231,6,0,0
BRDA:242,7,0,0
BRDA:266,8,0,0
BRDA:298,9,0,0
BRDA:332,10,0,0
BRF:17
BRH:6
end_of_record
TN:
SF:src/test/integration/api-test-client.ts
FN:15,(anonymous_6)
FN:22,(anonymous_7)
FN:36,(anonymous_8)
FN:44,(anonymous_9)
FN:52,(anonymous_10)
FN:60,(anonymous_11)
FN:69,(anonymous_12)
FN:80,(anonymous_13)
FN:91,(anonymous_14)
FN:102,(anonymous_15)
FN:113,(anonymous_16)
FN:123,(anonymous_17)
FN:136,(anonymous_18)
FN:170,(anonymous_19)
FN:174,(anonymous_20)
FN:185,(anonymous_21)
FN:198,(anonymous_22)
FN:208,(anonymous_23)
FN:215,(anonymous_24)
FN:222,(anonymous_25)
FN:234,(anonymous_26)
FN:246,(anonymous_27)
FN:261,(anonymous_28)
FN:275,(anonymous_29)
FN:285,(anonymous_30)
FN:304,(anonymous_31)
FN:317,(anonymous_32)
FN:344,(anonymous_33)
FN:356,(anonymous_34)
FN:376,(anonymous_36)
FN:383,(anonymous_37)
FN:393,(anonymous_38)
FN:400,(anonymous_39)
FN:411,(anonymous_40)
FN:420,(anonymous_41)
FN:433,(anonymous_42)
FN:448,(anonymous_43)
FN:460,(anonymous_44)
FN:473,(anonymous_45)
FN:495,(anonymous_46)
FNF:40
FNH:0
FNDA:0,(anonymous_6)
FNDA:0,(anonymous_7)
FNDA:0,(anonymous_8)
FNDA:0,(anonymous_9)
FNDA:0,(anonymous_10)
FNDA:0,(anonymous_11)
FNDA:0,(anonymous_12)
FNDA:0,(anonymous_13)
FNDA:0,(anonymous_14)
FNDA:0,(anonymous_15)
FNDA:0,(anonymous_16)
FNDA:0,(anonymous_17)
FNDA:0,(anonymous_18)
FNDA:0,(anonymous_19)
FNDA:0,(anonymous_20)
FNDA:0,(anonymous_21)
FNDA:0,(anonymous_22)
FNDA:0,(anonymous_23)
FNDA:0,(anonymous_24)
FNDA:0,(anonymous_25)
FNDA:0,(anonymous_26)
FNDA:0,(anonymous_27)
FNDA:0,(anonymous_28)
FNDA:0,(anonymous_29)
FNDA:0,(anonymous_30)
FNDA:0,(anonymous_31)
FNDA:0,(anonymous_32)
FNDA:0,(anonymous_33)
FNDA:0,(anonymous_34)
FNDA:0,(anonymous_36)
FNDA:0,(anonymous_37)
FNDA:0,(anonymous_38)
FNDA:0,(anonymous_39)
FNDA:0,(anonymous_40)
FNDA:0,(anonymous_41)
FNDA:0,(anonymous_42)
FNDA:0,(anonymous_43)
FNDA:0,(anonymous_44)
FNDA:0,(anonymous_45)
FNDA:0,(anonymous_46)
DA:1,0
DA:3,0
DA:9,0
DA:11,0
DA:12,0
DA:16,0
DA:23,0
DA:24,0
DA:29,0
DA:30,0
DA:37,0
DA:38,0
DA:45,0
DA:46,0
DA:53,0
DA:54,0
DA:61,0
DA:62,0
DA:63,0
DA:73,0
DA:74,0
DA:84,0
DA:85,0
DA:95,0
DA:96,0
DA:106,0
DA:107,0
DA:116,0
DA:117,0
DA:128,0
DA:134,0
DA:135,0
DA:136,0
DA:140,0
DA:146,0
DA:147,0
DA:148,0
DA:151,0
DA:153,0
DA:154,0
DA:156,0
DA:159,0
DA:171,0
DA:173,0
DA:174,0
DA:175,0
DA:179,0
DA:186,0
DA:187,0
DA:188,0
DA:189,0
DA:190,0
DA:197,0
DA:199,0
DA:200,0
DA:201,0
DA:202,0
DA:209,0
DA:216,0
DA:223,0
DA:224,0
DA:228,0
DA:235,0
DA:236,0
DA:240,0
DA:247,0
DA:248,0
DA:250,0
DA:251,0
DA:255,0
DA:262,0
DA:263,0
DA:264,0
DA:269,0
DA:276,0
DA:277,0
DA:279,0
DA:286,0
DA:287,0
DA:291,0
DA:298,0
DA:299,0
DA:309,0
DA:310,0
DA:311,0
DA:318,0
DA:319,0
DA:320,0
DA:322,0
DA:323,0
DA:324,0
DA:330,0
DA:331,0
DA:333,0
DA:334,0
DA:353,0
DA:355,0
DA:356,0
DA:357,0
DA:361,0
DA:372,0
DA:377,0
DA:387,0
DA:394,0
DA:404,0
DA:405,0
DA:407,0
DA:408,0
DA:409,0
DA:411,0
DA:414,0
DA:424,0
DA:426,0
DA:427,0
DA:428,0
DA:430,0
DA:431,0
DA:433,0
DA:437,0
DA:444,0
DA:453,0
DA:454,0
DA:464,0
DA:465,0
DA:466,0
DA:477,0
DA:478,0
DA:480,0
DA:481,0
DA:482,0
DA:483,0
DA:484,0
DA:496,0
DA:498,0
DA:499,0
DA:500,0
LF:136
LH:0
BRDA:15,0,0,0
BRDA:134,1,0,0
BRDA:134,1,1,0
BRDA:143,2,0,0
BRDA:143,2,1,0
BRDA:153,3,0,0
BRDA:153,3,1,0
BRDA:173,4,0,0
BRDA:173,4,1,0
BRDA:209,5,0,0
BRDA:209,5,1,0
BRDA:223,6,0,0
BRDA:223,6,1,0
BRDA:235,7,0,0
BRDA:235,7,1,0
BRDA:247,8,0,0
BRDA:247,8,1,0
BRDA:250,9,0,0
BRDA:250,9,1,0
BRDA:250,10,0,0
BRDA:250,10,1,0
BRDA:263,11,0,0
BRDA:263,11,1,0
BRDA:276,12,0,0
BRDA:276,12,1,0
BRDA:286,13,0,0
BRDA:286,13,1,0
BRDA:323,14,0,0
BRDA:323,14,1,0
BRDA:355,15,0,0
BRDA:355,15,1,0
BRDA:364,16,0,0
BRDA:364,16,1,0
BRDA:402,17,0,0
BRDA:404,18,0,0
BRDA:404,19,0,0
BRDA:408,20,0,0
BRDA:408,20,1,0
BRDA:422,21,0,0
BRDA:424,22,0,0
BRDA:424,23,0,0
BRDA:430,24,0,0
BRDA:430,24,1,0
BRDA:465,25,0,0
BRDA:465,25,1,0
BRDA:480,26,0,0
BRDA:480,26,1,0
BRDA:483,27,0,0
BRDA:483,27,1,0
BRDA:499,28,0,0
BRDA:499,28,1,0
BRF:51
BRH:0
end_of_record
TN:
SF:src/test/mocks/prisma.mock.ts
FN:57,(anonymous_5)
FN:76,(anonymous_6)
FN:77,(anonymous_7)
FN:78,(anonymous_8)
FN:83,(anonymous_9)
FN:96,(anonymous_10)
FN:97,(anonymous_11)
FN:102,(anonymous_12)
FN:107,(anonymous_13)
FN:112,(anonymous_14)
FN:124,(anonymous_15)
FN:125,(anonymous_16)
FN:133,(anonymous_17)
FN:134,(anonymous_18)
FN:142,(anonymous_19)
FN:146,(anonymous_20)
FN:153,(anonymous_21)
FN:154,(anonymous_22)
FN:162,(anonymous_23)
FN:168,(anonymous_24)
FN:169,(anonymous_25)
FN:177,(anonymous_26)
FN:181,(anonymous_27)
FNF:23
FNH:5
FNDA:0,(anonymous_5)
FNDA:0,(anonymous_6)
FNDA:0,(anonymous_7)
FNDA:0,(anonymous_8)
FNDA:0,(anonymous_9)
FNDA:17,(anonymous_10)
FNDA:153,(anonymous_11)
FNDA:136,(anonymous_12)
FNDA:136,(anonymous_13)
FNDA:68,(anonymous_14)
FNDA:0,(anonymous_15)
FNDA:0,(anonymous_16)
FNDA:0,(anonymous_17)
FNDA:0,(anonymous_18)
FNDA:0,(anonymous_19)
FNDA:0,(anonymous_20)
FNDA:0,(anonymous_21)
FNDA:0,(anonymous_22)
FNDA:0,(anonymous_23)
FNDA:0,(anonymous_24)
FNDA:0,(anonymous_25)
FNDA:0,(anonymous_26)
FNDA:0,(anonymous_27)
DA:19,98
DA:59,0
DA:60,0
DA:63,0
DA:76,2
DA:77,0
DA:78,0
DA:84,0
DA:85,0
DA:86,0
DA:96,17
DA:97,17
DA:98,153
DA:99,153
DA:102,17
DA:103,136
DA:104,136
DA:107,17
DA:108,136
DA:109,136
DA:112,17
DA:113,68
DA:114,68
DA:122,2
DA:125,0
DA:126,0
DA:127,0
DA:129,0
DA:134,0
DA:135,0
DA:136,0
DA:138,0
DA:143,0
DA:147,0
DA:148,0
DA:154,0
DA:155,0
DA:156,0
DA:158,0
DA:163,0
DA:169,0
DA:170,0
DA:171,0
DA:173,0
DA:178,0
DA:182,0
LF:46
LH:16
BRDA:59,0,0,0
BRDA:59,0,1,0
BRDA:98,1,0,153
BRDA:98,1,1,0
BRDA:98,2,0,153
BRDA:98,2,1,153
BRDA:103,3,0,136
BRDA:103,3,1,0
BRDA:103,4,0,136
BRDA:103,4,1,136
BRDA:108,5,0,136
BRDA:108,5,1,0
BRDA:108,6,0,136
BRDA:108,6,1,136
BRDA:113,7,0,68
BRDA:113,7,1,0
BRDA:113,8,0,68
BRDA:113,8,1,68
BRDA:126,9,0,0
BRDA:126,9,1,0
BRDA:135,10,0,0
BRDA:135,10,1,0
BRDA:155,11,0,0
BRDA:155,11,1,0
BRDA:156,12,0,0
BRDA:156,12,1,0
BRDA:170,13,0,0
BRDA:170,13,1,0
BRF:28
BRH:12
end_of_record
TN:
SF:src/test/setup/database.setup.ts
FN:25,cleanDatabase
FN:45,seedTestData
FN:81,resetDatabase
FN:90,ensureSchema
FN:106,disconnectDatabase
FNF:5
FNH:0
FNDA:0,cleanDatabase
FNDA:0,seedTestData
FNDA:0,resetDatabase
FNDA:0,ensureSchema
FNDA:0,disconnectDatabase
DA:6,0
DA:9,0
DA:12,0
DA:25,0
DA:26,0
DA:28,0
DA:29,0
DA:30,0
DA:31,0
DA:32,0
DA:33,0
DA:34,0
DA:35,0
DA:37,0
DA:38,0
DA:45,0
DA:46,0
DA:50,0
DA:60,0
DA:70,0
DA:72,0
DA:73,0
DA:81,0
DA:82,0
DA:83,0
DA:90,0
DA:91,0
DA:93,0
DA:94,0
DA:96,0
DA:97,0
DA:98,0
DA:106,0
DA:107,0
LF:34
LH:0
BRDA:9,0,0,0
BRDA:9,0,1,0
BRDA:18,1,0,0
BRDA:18,1,1,0
BRF:4
BRH:0
end_of_record
TN:
SF:src/test/setup/test-constants.ts
FNF:0
FNH:0
DA:7,0
DA:10,0
DA:11,0
DA:14,0
DA:15,0
DA:16,0
DA:19,0
DA:27,0
DA:28,0
LF:9
LH:0
BRF:0
BRH:0
end_of_record
TN:
SF:src/test/utils/mock-factory.ts
FN:15,(anonymous_10)
FN:28,(anonymous_11)
FN:29,(anonymous_12)
FN:35,(anonymous_13)
FN:42,(anonymous_14)
FN:51,(anonymous_16)
FN:88,(anonymous_17)
FN:102,(anonymous_18)
FN:114,(anonymous_19)
FN:124,(anonymous_20)
FN:135,(anonymous_21)
FN:159,(anonymous_22)
FN:170,(anonymous_23)
FN:190,(anonymous_24)
FN:207,(anonymous_25)
FN:217,(anonymous_26)
FN:229,(anonymous_27)
FN:248,(anonymous_28)
FN:262,(anonymous_29)
FN:281,(anonymous_30)
FN:292,(anonymous_31)
FN:306,(anonymous_32)
FN:319,(anonymous_33)
FN:358,(anonymous_34)
FN:366,(anonymous_35)
FN:377,(anonymous_36)
FN:388,(anonymous_37)
FN:399,(anonymous_38)
FN:409,(anonymous_39)
FN:419,(anonymous_40)
FN:421,(anonymous_41)
FN:446,resetFactories
FN:447,(anonymous_44)
FNF:33
FNH:0
FNDA:0,(anonymous_10)
FNDA:0,(anonymous_11)
FNDA:0,(anonymous_12)
FNDA:0,(anonymous_13)
FNDA:0,(anonymous_14)
FNDA:0,(anonymous_16)
FNDA:0,(anonymous_17)
FNDA:0,(anonymous_18)
FNDA:0,(anonymous_19)
FNDA:0,(anonymous_20)
FNDA:0,(anonymous_21)
FNDA:0,(anonymous_22)
FNDA:0,(anonymous_23)
FNDA:0,(anonymous_24)
FNDA:0,(anonymous_25)
FNDA:0,(anonymous_26)
FNDA:0,(anonymous_27)
FNDA:0,(anonymous_28)
FNDA:0,(anonymous_29)
FNDA:0,(anonymous_30)
FNDA:0,(anonymous_31)
FNDA:0,(anonymous_32)
FNDA:0,(anonymous_33)
FNDA:0,(anonymous_34)
FNDA:0,(anonymous_35)
FNDA:0,(anonymous_36)
FNDA:0,(anonymous_37)
FNDA:0,(anonymous_38)
FNDA:0,(anonymous_39)
FNDA:0,(anonymous_40)
FNDA:0,(anonymous_41)
FNDA:0,resetFactories
FNDA:0,(anonymous_44)
DA:3,0
DA:8,0
DA:9,0
DA:10,0
DA:16,0
DA:17,0
DA:29,0
DA:36,0
DA:43,0
DA:50,0
DA:52,0
DA:53,0
DA:55,0
DA:89,0
DA:103,0
DA:115,0
DA:125,0
DA:134,0
DA:136,0
DA:138,0
DA:160,0
DA:171,0
DA:189,0
DA:191,0
DA:192,0
DA:194,0
DA:208,0
DA:218,0
DA:228,0
DA:230,0
DA:232,0
DA:249,0
DA:263,0
DA:277,0
DA:282,0
DA:296,0
DA:309,0
DA:334,0
DA:350,0
DA:351,0
DA:359,0
DA:360,0
DA:367,0
DA:368,0
DA:378,0
DA:389,0
DA:400,0
DA:410,0
DA:413,0
DA:420,0
DA:421,0
DA:424,0
DA:427,0
DA:434,0
DA:446,0
DA:447,0
DA:448,0
DA:449,0
LF:58
LH:0
BRDA:53,0,0,0
BRDA:53,0,1,0
BRDA:88,1,0,0
BRDA:116,2,0,0
BRDA:116,2,1,0
BRDA:209,3,0,0
BRDA:209,3,1,0
BRDA:251,4,0,0
BRDA:251,4,1,0
BRDA:252,5,0,0
BRDA:252,5,1,0
BRDA:253,6,0,0
BRDA:253,6,1,0
BRDA:254,7,0,0
BRDA:254,7,1,0
BRDA:284,8,0,0
BRDA:284,8,1,0
BRDA:285,9,0,0
BRDA:285,9,1,0
BRDA:299,10,0,0
BRDA:299,10,1,0
BRDA:322,11,0,0
BRDA:323,12,0,0
BRDA:367,13,0,0
BRDA:367,13,1,0
BRDA:381,14,0,0
BRDA:381,14,1,0
BRDA:392,15,0,0
BRDA:392,15,1,0
BRDA:448,16,0,0
BRDA:448,16,1,0
BRF:31
BRH:0
end_of_record
TN:
SF:src/test/utils/test-auth.ts
FN:20,(anonymous_6)
FN:38,(anonymous_7)
FN:61,(anonymous_8)
FN:78,(anonymous_9)
FN:102,(anonymous_10)
FN:120,(anonymous_11)
FN:130,(anonymous_12)
FN:148,(anonymous_13)
FN:159,(anonymous_14)
FN:187,(anonymous_15)
FN:195,(anonymous_16)
FN:196,(anonymous_17)
FN:203,(anonymous_18)
FN:215,(anonymous_19)
FN:224,(anonymous_20)
FN:236,(anonymous_21)
FN:250,(anonymous_22)
FN:259,(anonymous_23)
FN:267,(anonymous_24)
FN:277,(anonymous_25)
FN:283,(anonymous_26)
FN:305,(anonymous_27)
FN:324,(anonymous_29)
FN:337,(anonymous_30)
FN:363,(anonymous_31)
FN:388,(anonymous_32)
FN:410,(anonymous_33)
FN:433,(anonymous_34)
FN:442,(anonymous_35)
FN:451,(anonymous_36)
FN:470,(anonymous_37)
FN:483,(anonymous_38)
FN:492,(anonymous_39)
FNF:33
FNH:0
FNDA:0,(anonymous_6)
FNDA:0,(anonymous_7)
FNDA:0,(anonymous_8)
FNDA:0,(anonymous_9)
FNDA:0,(anonymous_10)
FNDA:0,(anonymous_11)
FNDA:0,(anonymous_12)
FNDA:0,(anonymous_13)
FNDA:0,(anonymous_14)
FNDA:0,(anonymous_15)
FNDA:0,(anonymous_16)
FNDA:0,(anonymous_17)
FNDA:0,(anonymous_18)
FNDA:0,(anonymous_19)
FNDA:0,(anonymous_20)
FNDA:0,(anonymous_21)
FNDA:0,(anonymous_22)
FNDA:0,(anonymous_23)
FNDA:0,(anonymous_24)
FNDA:0,(anonymous_25)
FNDA:0,(anonymous_26)
FNDA:0,(anonymous_27)
FNDA:0,(anonymous_29)
FNDA:0,(anonymous_30)
FNDA:0,(anonymous_31)
FNDA:0,(anonymous_32)
FNDA:0,(anonymous_33)
FNDA:0,(anonymous_34)
FNDA:0,(anonymous_35)
FNDA:0,(anonymous_36)
FNDA:0,(anonymous_37)
FNDA:0,(anonymous_38)
FNDA:0,(anonymous_39)
DA:4,0
DA:6,0
DA:11,0
DA:12,0
DA:13,0
DA:21,0
DA:32,0
DA:39,0
DA:41,0
DA:42,0
DA:44,0
DA:45,0
DA:48,0
DA:49,0
DA:52,0
DA:54,0
DA:62,0
DA:69,0
DA:84,0
DA:107,0
DA:108,0
DA:110,0
DA:124,0
DA:133,0
DA:137,0
DA:149,0
DA:153,0
DA:163,0
DA:173,0
DA:181,0
DA:193,0
DA:195,0
DA:196,0
DA:204,0
DA:205,0
DA:207,0
DA:216,0
DA:231,0
DA:235,0
DA:237,0
DA:238,0
DA:240,0
DA:241,0
DA:256,0
DA:259,0
DA:274,0
DA:276,0
DA:278,0
DA:279,0
DA:282,0
DA:283,0
DA:286,0
DA:287,0
DA:295,0
DA:296,0
DA:298,0
DA:306,0
DA:315,0
DA:320,0
DA:328,0
DA:342,0
DA:345,0
DA:349,0
DA:368,0
DA:373,0
DA:378,0
DA:393,0
DA:394,0
DA:396,0
DA:400,0
DA:416,0
DA:417,0
DA:419,0
DA:429,0
DA:434,0
DA:435,0
DA:443,0
DA:444,0
DA:456,0
DA:457,0
DA:459,0
DA:460,0
DA:462,0
DA:463,0
DA:471,0
DA:472,0
DA:473,0
DA:475,0
DA:476,0
DA:484,0
DA:485,0
DA:493,0
DA:494,0
LF:93
LH:0
BRDA:20,0,0,0
BRDA:41,1,0,0
BRDA:41,1,1,0
BRDA:48,2,0,0
BRDA:48,2,1,0
BRDA:48,3,0,0
BRDA:48,3,1,0
BRDA:102,4,0,0
BRDA:159,5,0,0
BRDA:204,6,0,0
BRDA:204,6,1,0
BRDA:217,7,0,0
BRDA:217,7,1,0
BRDA:225,8,0,0
BRDA:231,9,0,0
BRDA:231,9,1,0
BRDA:237,10,0,0
BRDA:237,10,1,0
BRDA:268,11,0,0
BRDA:269,12,0,0
BRDA:279,13,0,0
BRDA:279,13,1,0
BRDA:286,14,0,0
BRDA:286,14,1,0
BRDA:12,15,0,0
BRDA:12,15,1,0
BRDA:13,16,0,0
BRDA:13,16,1,0
BRDA:343,17,0,0
BRDA:343,17,1,0
BRDA:434,18,0,0
BRDA:434,18,1,0
BRDA:443,19,0,0
BRDA:443,19,1,0
BRDA:456,20,0,0
BRDA:456,20,1,0
BRDA:459,21,0,0
BRDA:459,21,1,0
BRDA:462,22,0,0
BRDA:462,22,1,0
BRDA:462,23,0,0
BRDA:462,23,1,0
BRDA:472,24,0,0
BRDA:472,24,1,0
BRDA:475,25,0,0
BRDA:475,25,1,0
BRDA:475,26,0,0
BRDA:475,26,1,0
BRDA:484,27,0,0
BRDA:484,27,1,0
BRDA:493,28,0,0
BRDA:493,28,1,0
BRF:52
BRH:0
end_of_record
TN:
SF:src/test/utils/test-db.ts
FN:13,(anonymous_5)
FN:22,(anonymous_6)
FN:32,(anonymous_7)
FN:39,(anonymous_8)
FN:46,(anonymous_9)
FN:53,(anonymous_10)
FN:59,(anonymous_11)
FN:60,(anonymous_12)
FN:61,(anonymous_13)
FN:72,(anonymous_14)
FN:87,(anonymous_15)
FN:135,(anonymous_16)
FN:179,(anonymous_17)
FN:187,(anonymous_18)
FN:197,(anonymous_19)
FN:207,(anonymous_20)
FN:222,(anonymous_21)
FN:235,(anonymous_22)
FN:244,(anonymous_23)
FN:286,(anonymous_24)
FN:297,(anonymous_25)
FN:306,(anonymous_26)
FN:317,(anonymous_27)
FN:332,(anonymous_28)
FN:346,(anonymous_29)
FN:360,(anonymous_30)
FN:377,(anonymous_31)
FNF:27
FNH:0
FNDA:0,(anonymous_5)
FNDA:0,(anonymous_6)
FNDA:0,(anonymous_7)
FNDA:0,(anonymous_8)
FNDA:0,(anonymous_9)
FNDA:0,(anonymous_10)
FNDA:0,(anonymous_11)
FNDA:0,(anonymous_12)
FNDA:0,(anonymous_13)
FNDA:0,(anonymous_14)
FNDA:0,(anonymous_15)
FNDA:0,(anonymous_16)
FNDA:0,(anonymous_17)
FNDA:0,(anonymous_18)
FNDA:0,(anonymous_19)
FNDA:0,(anonymous_20)
FNDA:0,(anonymous_21)
FNDA:0,(anonymous_22)
FNDA:0,(anonymous_23)
FNDA:0,(anonymous_24)
FNDA:0,(anonymous_25)
FNDA:0,(anonymous_26)
FNDA:0,(anonymous_27)
FNDA:0,(anonymous_28)
FNDA:0,(anonymous_29)
FNDA:0,(anonymous_30)
FNDA:0,(anonymous_31)
DA:1,0
DA:2,0
DA:8,0
DA:11,0
DA:14,0
DA:23,0
DA:24,0
DA:26,0
DA:33,0
DA:40,0
DA:47,0
DA:54,0
DA:58,0
DA:59,0
DA:60,0
DA:61,0
DA:64,0
DA:65,0
DA:73,0
DA:77,0
DA:78,0
DA:96,0
DA:99,0
DA:100,0
DA:101,0
DA:102,0
DA:103,0
DA:107,0
DA:108,0
DA:109,0
DA:110,0
DA:111,0
DA:115,0
DA:116,0
DA:117,0
DA:121,0
DA:122,0
DA:125,0
DA:150,0
DA:153,0
DA:154,0
DA:158,0
DA:159,0
DA:160,0
DA:165,0
DA:167,0
DA:170,0
DA:173,0
DA:180,0
DA:181,0
DA:188,0
DA:189,0
DA:190,0
DA:198,0
DA:199,0
DA:200,0
DA:210,0
DA:211,0
DA:212,0
DA:213,0
DA:215,0
DA:227,0
DA:228,0
DA:230,0
DA:231,0
DA:232,0
DA:233,0
DA:235,0
DA:238,0
DA:252,0
DA:264,0
DA:277,0
DA:282,0
DA:287,0
DA:288,0
DA:289,0
DA:290,0
DA:298,0
DA:299,0
DA:307,0
DA:308,0
DA:309,0
DA:310,0
DA:318,0
DA:319,0
DA:321,0
DA:328,0
DA:336,0
DA:337,0
DA:338,0
DA:339,0
DA:350,0
DA:351,0
DA:352,0
DA:353,0
DA:365,0
DA:366,0
DA:367,0
DA:368,0
DA:383,0
DA:384,0
DA:385,0
DA:386,0
DA:388,0
DA:389,0
LF:105
LH:0
BRDA:15,0,0,0
BRDA:15,0,1,0
BRDA:23,1,0,0
BRDA:23,1,1,0
BRDA:64,2,0,0
BRDA:64,2,1,0
BRDA:96,3,0,0
BRDA:96,4,0,0
BRDA:96,5,0,0
BRDA:96,6,0,0
BRDA:96,6,1,0
BRDA:147,7,0,0
BRDA:148,8,0,0
BRDA:149,9,0,0
BRDA:150,10,0,0
BRDA:150,10,1,0
BRDA:158,11,0,0
BRDA:158,11,1,0
BRDA:165,12,0,0
BRDA:165,12,1,0
BRDA:167,13,0,0
BRDA:167,13,1,0
BRDA:188,14,0,0
BRDA:188,14,1,0
BRDA:198,15,0,0
BRDA:198,15,1,0
BRDA:225,16,0,0
BRDA:227,17,0,0
BRDA:227,18,0,0
BRDA:232,19,0,0
BRDA:232,19,1,0
BRDA:288,20,0,0
BRDA:288,20,1,0
BRDA:298,21,0,0
BRDA:298,21,1,0
BRDA:307,22,0,0
BRDA:307,22,1,0
BRDA:309,23,0,0
BRDA:309,23,1,0
BRDA:318,24,0,0
BRDA:318,24,1,0
BRDA:338,25,0,0
BRDA:338,25,1,0
BRDA:352,26,0,0
BRDA:352,26,1,0
BRDA:367,27,0,0
BRDA:367,27,1,0
BRDA:385,28,0,0
BRDA:385,28,1,0
BRDA:388,29,0,0
BRDA:388,29,1,0
BRF:51
BRH:0
end_of_record
TN:
SF:src/test/utils/test-utils.tsx
FN:21,render
FN:31,(anonymous_17)
FN:54,createUser
FN:61,waitFor
FN:73,(anonymous_20)
FN:83,createDeferredPromise
FN:87,(anonymous_22)
FN:102,mockConsole
FN:111,(anonymous_24)
FN:119,(anonymous_25)
FN:133,(anonymous_26)
FN:134,(anonymous_27)
FN:135,(anonymous_28)
FN:136,(anonymous_29)
FN:137,(anonymous_30)
FN:145,mockFetch
FN:171,(anonymous_32)
FN:173,(anonymous_33)
FN:182,(anonymous_34)
FN:196,(anonymous_35)
FN:214,(anonymous_36)
FN:238,(anonymous_37)
FN:245,(anonymous_38)
FN:252,(anonymous_39)
FN:253,(anonymous_40)
FN:263,(anonymous_41)
FN:270,(anonymous_42)
FN:277,(anonymous_43)
FN:293,(anonymous_44)
FN:307,(anonymous_45)
FN:326,(anonymous_46)
FN:350,(anonymous_47)
FN:357,(anonymous_48)
FNF:33
FNH:3
FNDA:0,render
FNDA:0,(anonymous_17)
FNDA:0,createUser
FNDA:0,waitFor
FNDA:0,(anonymous_20)
FNDA:0,createDeferredPromise
FNDA:0,(anonymous_22)
FNDA:0,mockConsole
FNDA:0,(anonymous_24)
FNDA:0,(anonymous_25)
FNDA:0,(anonymous_26)
FNDA:0,(anonymous_27)
FNDA:0,(anonymous_28)
FNDA:0,(anonymous_29)
FNDA:0,(anonymous_30)
FNDA:0,mockFetch
FNDA:0,(anonymous_32)
FNDA:0,(anonymous_33)
FNDA:0,(anonymous_34)
FNDA:0,(anonymous_35)
FNDA:0,(anonymous_36)
FNDA:11,(anonymous_37)
FNDA:0,(anonymous_38)
FNDA:29,(anonymous_39)
FNDA:899,(anonymous_40)
FNDA:0,(anonymous_41)
FNDA:0,(anonymous_42)
FNDA:0,(anonymous_43)
FNDA:0,(anonymous_44)
FNDA:0,(anonymous_45)
FNDA:0,(anonymous_46)
FNDA:0,(anonymous_47)
FNDA:0,(anonymous_48)
DA:1,2
DA:3,2
DA:4,2
DA:5,2
DA:21,0
DA:31,0
DA:40,0
DA:41,0
DA:45,0
DA:48,0
DA:54,0
DA:55,0
DA:61,0
DA:65,0
DA:66,0
DA:68,0
DA:69,0
DA:70,0
DA:71,0
DA:73,0
DA:77,0
DA:83,0
DA:87,0
DA:88,0
DA:89,0
DA:92,0
DA:102,0
DA:103,0
DA:111,0
DA:112,0
DA:113,0
DA:114,0
DA:115,0
DA:116,0
DA:119,0
DA:120,0
DA:121,0
DA:122,0
DA:123,0
DA:124,0
DA:127,0
DA:129,0
DA:133,0
DA:134,0
DA:135,0
DA:136,0
DA:137,0
DA:145,0
DA:159,0
DA:161,0
DA:171,0
DA:172,0
DA:173,0
DA:175,0
DA:178,0
DA:180,0
DA:184,0
DA:192,2
DA:200,0
DA:201,0
DA:202,0
DA:204,0
DA:205,0
DA:208,0
DA:219,0
DA:221,0
DA:222,0
DA:227,0
DA:234,40
DA:239,11
DA:246,0
DA:253,29
DA:254,899
DA:255,899
DA:256,899
DA:264,0
DA:271,0
DA:278,0
DA:279,0
DA:280,0
DA:289,2
DA:298,0
DA:299,0
DA:300,0
DA:308,0
DA:309,0
DA:314,0
DA:315,0
DA:316,0
DA:331,0
DA:332,0
DA:333,0
DA:344,0
DA:345,0
DA:351,0
DA:358,0
DA:359,0
DA:361,0
DA:367,0
LF:99
LH:12
BRDA:23,0,0,0
BRDA:24,1,0,0
BRDA:25,2,0,0
BRDA:26,3,0,0
BRDA:40,4,0,0
BRDA:40,4,1,0
BRDA:63,5,0,0
BRDA:65,6,0,0
BRDA:65,7,0,0
BRDA:147,8,0,0
BRDA:155,9,0,0
BRDA:156,10,0,0
BRDA:157,11,0,0
BRDA:158,12,0,0
BRDA:162,13,0,0
BRDA:162,13,1,0
BRDA:172,14,0,0
BRDA:172,14,1,0
BRDA:204,15,0,0
BRDA:204,15,1,0
BRDA:221,16,0,0
BRDA:221,16,1,0
BRDA:223,17,0,0
BRDA:223,17,1,0
BRDA:238,18,0,0
BRDA:245,19,0,0
BRDA:255,20,0,870
BRDA:255,20,1,29
BRDA:263,21,0,0
BRDA:263,22,0,0
BRDA:278,23,0,0
BRDA:278,23,1,0
BRDA:279,24,0,0
BRDA:279,24,1,0
BRDA:299,25,0,0
BRDA:299,25,1,0
BRDA:300,26,0,0
BRDA:300,26,1,0
BRDA:308,27,0,0
BRDA:308,27,1,0
BRDA:310,28,0,0
BRDA:310,28,1,0
BRDA:315,29,0,0
BRDA:315,29,1,0
BRDA:317,30,0,0
BRDA:317,30,1,0
BRDA:332,31,0,0
BRDA:332,31,1,0
BRDA:334,32,0,0
BRDA:334,32,1,0
BRF:50
BRH:2
end_of_record
TN:
SF:src/utils/navigation.ts
FN:23,localizedPath
FN:54,localizedRedirect
FN:70,getPathWithoutLocale
FN:93,switchLocale
FN:103,(anonymous_12)
FN:104,(anonymous_13)
FN:105,(anonymous_14)
FN:106,(anonymous_15)
FN:107,(anonymous_16)
FN:108,(anonymous_17)
FN:112,(anonymous_18)
FN:114,(anonymous_19)
FN:124,isProtectedRoute
FN:134,(anonymous_21)
FN:143,isPublicRoute
FN:155,(anonymous_23)
FNF:16
FNH:15
FNDA:33,localizedPath
FNDA:2,localizedRedirect
FNDA:41,getPathWithoutLocale
FNDA:5,switchLocale
FNDA:2,(anonymous_12)
FNDA:2,(anonymous_13)
FNDA:0,(anonymous_14)
FNDA:1,(anonymous_15)
FNDA:1,(anonymous_16)
FNDA:3,(anonymous_17)
FNDA:1,(anonymous_18)
FNDA:2,(anonymous_19)
FNDA:12,isProtectedRoute
FNDA:36,(anonymous_21)
FNDA:11,isPublicRoute
FNDA:41,(anonymous_23)
DA:6,1
DA:23,14
DA:26,33
DA:28,3
DA:31,30
DA:35,33
DA:38,33
DA:39,7
DA:42,26
DA:54,2
DA:55,2
DA:56,2
DA:70,13
DA:72,41
DA:74,41
DA:76,24
DA:80,17
DA:93,5
DA:94,5
DA:95,5
DA:102,12
DA:103,2
DA:104,2
DA:105,0
DA:106,1
DA:107,1
DA:109,3
DA:110,3
DA:113,1
DA:115,2
DA:124,12
DA:125,12
DA:132,12
DA:134,12
DA:135,36
DA:143,11
DA:144,11
DA:153,11
DA:155,11
DA:156,41
LF:40
LH:39
BRDA:26,0,0,3
BRDA:26,0,1,30
BRDA:35,1,0,8
BRDA:35,1,1,25
BRDA:38,2,0,7
BRDA:38,2,1,26
BRDA:74,3,0,24
BRDA:74,3,1,17
BRDA:76,4,0,24
BRDA:76,4,1,2
BRDA:110,5,0,2
BRDA:110,5,1,1
BRDA:115,6,0,1
BRDA:115,6,1,1
BRDA:135,7,0,36
BRDA:135,7,1,32
BRDA:156,8,0,41
BRDA:156,8,1,35
BRF:18
BRH:18
end_of_record
